Unbehandelter Fehler: Missing user_loader or request_loader. Refer to http://flask-login.readthedocs.io/#how-it-works for more info.
Exception on /auth/login [GET]
Traceback (most recent call last):
  File "/Users/woschj/Downloads/technik/scandy/venv/lib/python3.11/site-packages/flask/app.py", line 880, in full_dispatch_request
    rv = self.dispatch_request()
         ^^^^^^^^^^^^^^^^^^^^^^^
  File "/Users/woschj/Downloads/technik/scandy/venv/lib/python3.11/site-packages/flask/app.py", line 865, in dispatch_request
    return self.ensure_sync(self.view_functions[rule.endpoint])(**view_args)  # type: ignore[no-any-return]
           ^^^^^^^^^^^^^^^^^^^^^^^^^^^^^^^^^^^^^^^^^^^^^^^^^^^^^^^^^^^^^^^^^
  File "/Users/woschj/Downloads/technik/scandy/app/routes/auth.py", line 27, in login
    return render_template('auth/login.html')
           ^^^^^^^^^^^^^^^^^^^^^^^^^^^^^^^^^^
  File "/Users/woschj/Downloads/technik/scandy/venv/lib/python3.11/site-packages/flask/templating.py", line 150, in render_template
    return _render(app, template, context)
           ^^^^^^^^^^^^^^^^^^^^^^^^^^^^^^^
  File "/Users/woschj/Downloads/technik/scandy/venv/lib/python3.11/site-packages/flask/templating.py", line 127, in _render
    app.update_template_context(context)
  File "/Users/woschj/Downloads/technik/scandy/venv/lib/python3.11/site-packages/flask/app.py", line 493, in update_template_context
    context.update(self.ensure_sync(func)())
                   ^^^^^^^^^^^^^^^^^^^^^^^^
  File "/Users/woschj/Downloads/technik/scandy/venv/lib/python3.11/site-packages/flask_login/utils.py", line 405, in _user_context_processor
    return dict(current_user=_get_user())
                             ^^^^^^^^^^^
  File "/Users/woschj/Downloads/technik/scandy/venv/lib/python3.11/site-packages/flask_login/utils.py", line 370, in _get_user
    current_app.login_manager._load_user()
  File "/Users/woschj/Downloads/technik/scandy/venv/lib/python3.11/site-packages/flask_login/login_manager.py", line 347, in _load_user
    raise Exception(
Exception: Missing user_loader or request_loader. Refer to http://flask-login.readthedocs.io/#how-it-works for more info.

During handling of the above exception, another exception occurred:

Traceback (most recent call last):
  File "/Users/woschj/Downloads/technik/scandy/venv/lib/python3.11/site-packages/flask/app.py", line 1473, in wsgi_app
    response = self.full_dispatch_request()
               ^^^^^^^^^^^^^^^^^^^^^^^^^^^^
  File "/Users/woschj/Downloads/technik/scandy/venv/lib/python3.11/site-packages/flask/app.py", line 882, in full_dispatch_request
    rv = self.handle_user_exception(e)
         ^^^^^^^^^^^^^^^^^^^^^^^^^^^^^
  File "/Users/woschj/Downloads/technik/scandy/venv/lib/python3.11/site-packages/flask/app.py", line 772, in handle_user_exception
    return self.ensure_sync(handler)(e)  # type: ignore[no-any-return]
           ^^^^^^^^^^^^^^^^^^^^^^^^^^^^
  File "/Users/woschj/Downloads/technik/scandy/app/__init__.py", line 126, in handle_exception
    return render_template('error.html',
           ^^^^^^^^^^^^^^^^^^^^^^^^^^^^^
  File "/Users/woschj/Downloads/technik/scandy/venv/lib/python3.11/site-packages/flask/templating.py", line 150, in render_template
    return _render(app, template, context)
           ^^^^^^^^^^^^^^^^^^^^^^^^^^^^^^^
  File "/Users/woschj/Downloads/technik/scandy/venv/lib/python3.11/site-packages/flask/templating.py", line 127, in _render
    app.update_template_context(context)
  File "/Users/woschj/Downloads/technik/scandy/venv/lib/python3.11/site-packages/flask/app.py", line 493, in update_template_context
    context.update(self.ensure_sync(func)())
                   ^^^^^^^^^^^^^^^^^^^^^^^^
  File "/Users/woschj/Downloads/technik/scandy/venv/lib/python3.11/site-packages/flask_login/utils.py", line 405, in _user_context_processor
    return dict(current_user=_get_user())
                             ^^^^^^^^^^^
  File "/Users/woschj/Downloads/technik/scandy/venv/lib/python3.11/site-packages/flask_login/utils.py", line 370, in _get_user
    current_app.login_manager._load_user()
  File "/Users/woschj/Downloads/technik/scandy/venv/lib/python3.11/site-packages/flask_login/login_manager.py", line 347, in _load_user
    raise Exception(
Exception: Missing user_loader or request_loader. Refer to http://flask-login.readthedocs.io/#how-it-works for more info.
Unerwarteter Fehler in get_stats: name 'stats' is not defined
Unerwarteter Fehler in dashboard: 'trash_count' is undefined
Unbehandelter Fehler: 'trash_count' is undefined
Exception on /admin/dashboard [GET]
Traceback (most recent call last):
  File "/Users/woschj/Downloads/technik/scandy/app/utils/error_handler.py", line 13, in decorated_function
    return f(*args, **kwargs)
           ^^^^^^^^^^^^^^^^^^
  File "/Users/woschj/Downloads/technik/scandy/app/routes/admin.py", line 232, in dashboard
    return render_template('admin/dashboard.html',
           ^^^^^^^^^^^^^^^^^^^^^^^^^^^^^^^^^^^^^^^
  File "/Users/woschj/Downloads/technik/scandy/venv/lib/python3.11/site-packages/flask/templating.py", line 150, in render_template
    return _render(app, template, context)
           ^^^^^^^^^^^^^^^^^^^^^^^^^^^^^^^
  File "/Users/woschj/Downloads/technik/scandy/venv/lib/python3.11/site-packages/flask/templating.py", line 131, in _render
    rv = template.render(context)
         ^^^^^^^^^^^^^^^^^^^^^^^^
  File "/Users/woschj/Downloads/technik/scandy/venv/lib/python3.11/site-packages/jinja2/environment.py", line 1304, in render
    self.environment.handle_exception()
  File "/Users/woschj/Downloads/technik/scandy/venv/lib/python3.11/site-packages/jinja2/environment.py", line 939, in handle_exception
    raise rewrite_traceback_stack(source=source)
  File "/Users/woschj/Downloads/technik/scandy/app/templates/admin/dashboard.html", line 1, in top-level template code
    {% extends "base.html" %}
  File "/Users/woschj/Downloads/technik/scandy/app/templates/base.html", line 197, in top-level template code
    {% if trash_count > 0 %}
jinja2.exceptions.UndefinedError: 'trash_count' is undefined

During handling of the above exception, another exception occurred:

Traceback (most recent call last):
  File "/Users/woschj/Downloads/technik/scandy/venv/lib/python3.11/site-packages/flask/app.py", line 880, in full_dispatch_request
    rv = self.dispatch_request()
         ^^^^^^^^^^^^^^^^^^^^^^^
  File "/Users/woschj/Downloads/technik/scandy/venv/lib/python3.11/site-packages/flask/app.py", line 865, in dispatch_request
    return self.ensure_sync(self.view_functions[rule.endpoint])(**view_args)  # type: ignore[no-any-return]
           ^^^^^^^^^^^^^^^^^^^^^^^^^^^^^^^^^^^^^^^^^^^^^^^^^^^^^^^^^^^^^^^^^
  File "/Users/woschj/Downloads/technik/scandy/app/utils/decorators.py", line 20, in decorated_function
    return f(*args, **kwargs)
           ^^^^^^^^^^^^^^^^^^
  File "/Users/woschj/Downloads/technik/scandy/app/utils/error_handler.py", line 23, in decorated_function
    return render_template('error.html',
           ^^^^^^^^^^^^^^^^^^^^^^^^^^^^^
  File "/Users/woschj/Downloads/technik/scandy/venv/lib/python3.11/site-packages/flask/templating.py", line 150, in render_template
    return _render(app, template, context)
           ^^^^^^^^^^^^^^^^^^^^^^^^^^^^^^^
  File "/Users/woschj/Downloads/technik/scandy/venv/lib/python3.11/site-packages/flask/templating.py", line 131, in _render
    rv = template.render(context)
         ^^^^^^^^^^^^^^^^^^^^^^^^
  File "/Users/woschj/Downloads/technik/scandy/venv/lib/python3.11/site-packages/jinja2/environment.py", line 1304, in render
    self.environment.handle_exception()
  File "/Users/woschj/Downloads/technik/scandy/venv/lib/python3.11/site-packages/jinja2/environment.py", line 939, in handle_exception
    raise rewrite_traceback_stack(source=source)
  File "/Users/woschj/Downloads/technik/scandy/app/templates/error.html", line 1, in top-level template code
    {% extends "base.html" %}
  File "/Users/woschj/Downloads/technik/scandy/app/templates/base.html", line 197, in top-level template code
    {% if trash_count > 0 %}
jinja2.exceptions.UndefinedError: 'trash_count' is undefined

During handling of the above exception, another exception occurred:

Traceback (most recent call last):
  File "/Users/woschj/Downloads/technik/scandy/venv/lib/python3.11/site-packages/flask/app.py", line 1473, in wsgi_app
    response = self.full_dispatch_request()
               ^^^^^^^^^^^^^^^^^^^^^^^^^^^^
  File "/Users/woschj/Downloads/technik/scandy/venv/lib/python3.11/site-packages/flask/app.py", line 882, in full_dispatch_request
    rv = self.handle_user_exception(e)
         ^^^^^^^^^^^^^^^^^^^^^^^^^^^^^
  File "/Users/woschj/Downloads/technik/scandy/venv/lib/python3.11/site-packages/flask/app.py", line 772, in handle_user_exception
    return self.ensure_sync(handler)(e)  # type: ignore[no-any-return]
           ^^^^^^^^^^^^^^^^^^^^^^^^^^^^
  File "/Users/woschj/Downloads/technik/scandy/app/__init__.py", line 139, in handle_exception
    return render_template('error.html',
           ^^^^^^^^^^^^^^^^^^^^^^^^^^^^^
  File "/Users/woschj/Downloads/technik/scandy/venv/lib/python3.11/site-packages/flask/templating.py", line 150, in render_template
    return _render(app, template, context)
           ^^^^^^^^^^^^^^^^^^^^^^^^^^^^^^^
  File "/Users/woschj/Downloads/technik/scandy/venv/lib/python3.11/site-packages/flask/templating.py", line 131, in _render
    rv = template.render(context)
         ^^^^^^^^^^^^^^^^^^^^^^^^
  File "/Users/woschj/Downloads/technik/scandy/venv/lib/python3.11/site-packages/jinja2/environment.py", line 1304, in render
    self.environment.handle_exception()
  File "/Users/woschj/Downloads/technik/scandy/venv/lib/python3.11/site-packages/jinja2/environment.py", line 939, in handle_exception
    raise rewrite_traceback_stack(source=source)
  File "/Users/woschj/Downloads/technik/scandy/app/templates/error.html", line 1, in top-level template code
    {% extends "base.html" %}
  File "/Users/woschj/Downloads/technik/scandy/app/templates/base.html", line 197, in top-level template code
    {% if trash_count > 0 %}
jinja2.exceptions.UndefinedError: 'trash_count' is undefined
Unerwarteter Fehler in get_stats: name 'stats' is not defined
Unerwarteter Fehler in dashboard: 'trash_count' is undefined
Unbehandelter Fehler: 'trash_count' is undefined
Exception on /admin/dashboard [GET]
Traceback (most recent call last):
  File "/Users/woschj/Downloads/technik/scandy/app/utils/error_handler.py", line 13, in decorated_function
    return f(*args, **kwargs)
           ^^^^^^^^^^^^^^^^^^
  File "/Users/woschj/Downloads/technik/scandy/app/routes/admin.py", line 232, in dashboard
    return render_template('admin/dashboard.html',
           ^^^^^^^^^^^^^^^^^^^^^^^^^^^^^^^^^^^^^^^
  File "/Users/woschj/Downloads/technik/scandy/venv/lib/python3.11/site-packages/flask/templating.py", line 150, in render_template
    return _render(app, template, context)
           ^^^^^^^^^^^^^^^^^^^^^^^^^^^^^^^
  File "/Users/woschj/Downloads/technik/scandy/venv/lib/python3.11/site-packages/flask/templating.py", line 131, in _render
    rv = template.render(context)
         ^^^^^^^^^^^^^^^^^^^^^^^^
  File "/Users/woschj/Downloads/technik/scandy/venv/lib/python3.11/site-packages/jinja2/environment.py", line 1304, in render
    self.environment.handle_exception()
  File "/Users/woschj/Downloads/technik/scandy/venv/lib/python3.11/site-packages/jinja2/environment.py", line 939, in handle_exception
    raise rewrite_traceback_stack(source=source)
  File "/Users/woschj/Downloads/technik/scandy/app/templates/admin/dashboard.html", line 1, in top-level template code
    {% extends "base.html" %}
  File "/Users/woschj/Downloads/technik/scandy/app/templates/base.html", line 197, in top-level template code
    {% if trash_count is defined and trash_count > 0 %}
    ^^^^^^^^^^^^^^^^^^^^^^^^^
jinja2.exceptions.UndefinedError: 'trash_count' is undefined

During handling of the above exception, another exception occurred:

Traceback (most recent call last):
  File "/Users/woschj/Downloads/technik/scandy/venv/lib/python3.11/site-packages/flask/app.py", line 880, in full_dispatch_request
    rv = self.dispatch_request()
         ^^^^^^^^^^^^^^^^^^^^^^^
  File "/Users/woschj/Downloads/technik/scandy/venv/lib/python3.11/site-packages/flask/app.py", line 865, in dispatch_request
    return self.ensure_sync(self.view_functions[rule.endpoint])(**view_args)  # type: ignore[no-any-return]
           ^^^^^^^^^^^^^^^^^^^^^^^^^^^^^^^^^^^^^^^^^^^^^^^^^^^^^^^^^^^^^^^^^
  File "/Users/woschj/Downloads/technik/scandy/app/utils/decorators.py", line 20, in decorated_function
    return f(*args, **kwargs)
           ^^^^^^^^^^^^^^^^^^
  File "/Users/woschj/Downloads/technik/scandy/app/utils/error_handler.py", line 23, in decorated_function
    return render_template('error.html',
           ^^^^^^^^^^^^^^^^^^^^^^^^^^^^^
  File "/Users/woschj/Downloads/technik/scandy/venv/lib/python3.11/site-packages/flask/templating.py", line 150, in render_template
    return _render(app, template, context)
           ^^^^^^^^^^^^^^^^^^^^^^^^^^^^^^^
  File "/Users/woschj/Downloads/technik/scandy/venv/lib/python3.11/site-packages/flask/templating.py", line 131, in _render
    rv = template.render(context)
         ^^^^^^^^^^^^^^^^^^^^^^^^
  File "/Users/woschj/Downloads/technik/scandy/venv/lib/python3.11/site-packages/jinja2/environment.py", line 1304, in render
    self.environment.handle_exception()
  File "/Users/woschj/Downloads/technik/scandy/venv/lib/python3.11/site-packages/jinja2/environment.py", line 939, in handle_exception
    raise rewrite_traceback_stack(source=source)
  File "/Users/woschj/Downloads/technik/scandy/app/templates/error.html", line 1, in top-level template code
    {% extends "base.html" %}
  File "/Users/woschj/Downloads/technik/scandy/app/templates/base.html", line 197, in top-level template code
    {% if trash_count is defined and trash_count > 0 %}
    ^^^^^^^^^^^^^^^^^^^^^^^^^
jinja2.exceptions.UndefinedError: 'trash_count' is undefined

During handling of the above exception, another exception occurred:

Traceback (most recent call last):
  File "/Users/woschj/Downloads/technik/scandy/venv/lib/python3.11/site-packages/flask/app.py", line 1473, in wsgi_app
    response = self.full_dispatch_request()
               ^^^^^^^^^^^^^^^^^^^^^^^^^^^^
  File "/Users/woschj/Downloads/technik/scandy/venv/lib/python3.11/site-packages/flask/app.py", line 882, in full_dispatch_request
    rv = self.handle_user_exception(e)
         ^^^^^^^^^^^^^^^^^^^^^^^^^^^^^
  File "/Users/woschj/Downloads/technik/scandy/venv/lib/python3.11/site-packages/flask/app.py", line 772, in handle_user_exception
    return self.ensure_sync(handler)(e)  # type: ignore[no-any-return]
           ^^^^^^^^^^^^^^^^^^^^^^^^^^^^
  File "/Users/woschj/Downloads/technik/scandy/app/__init__.py", line 139, in handle_exception
    def index():
               ^
  File "/Users/woschj/Downloads/technik/scandy/venv/lib/python3.11/site-packages/flask/templating.py", line 150, in render_template
    return _render(app, template, context)
           ^^^^^^^^^^^^^^^^^^^^^^^^^^^^^^^
  File "/Users/woschj/Downloads/technik/scandy/venv/lib/python3.11/site-packages/flask/templating.py", line 131, in _render
    rv = template.render(context)
         ^^^^^^^^^^^^^^^^^^^^^^^^
  File "/Users/woschj/Downloads/technik/scandy/venv/lib/python3.11/site-packages/jinja2/environment.py", line 1304, in render
    self.environment.handle_exception()
  File "/Users/woschj/Downloads/technik/scandy/venv/lib/python3.11/site-packages/jinja2/environment.py", line 939, in handle_exception
    raise rewrite_traceback_stack(source=source)
  File "/Users/woschj/Downloads/technik/scandy/app/templates/error.html", line 1, in top-level template code
    {% extends "base.html" %}
  File "/Users/woschj/Downloads/technik/scandy/app/templates/base.html", line 197, in top-level template code
    {% if trash_count is defined and trash_count > 0 %}
    ^^^^^^^^^^^^^^^^^^^^^^^^^
jinja2.exceptions.UndefinedError: 'trash_count' is undefined
Unbehandelter Fehler: 'trash_count' is undefined
Exception on /auth/login [GET]
Traceback (most recent call last):
  File "/Users/woschj/Downloads/technik/scandy/venv/lib/python3.11/site-packages/flask/app.py", line 880, in full_dispatch_request
    rv = self.dispatch_request()
         ^^^^^^^^^^^^^^^^^^^^^^^
  File "/Users/woschj/Downloads/technik/scandy/venv/lib/python3.11/site-packages/flask/app.py", line 865, in dispatch_request
    return self.ensure_sync(self.view_functions[rule.endpoint])(**view_args)  # type: ignore[no-any-return]
           ^^^^^^^^^^^^^^^^^^^^^^^^^^^^^^^^^^^^^^^^^^^^^^^^^^^^^^^^^^^^^^^^^
  File "/Users/woschj/Downloads/technik/scandy/app/routes/auth.py", line 27, in login
  File "/Users/woschj/Downloads/technik/scandy/venv/lib/python3.11/site-packages/flask/templating.py", line 150, in render_template
    return _render(app, template, context)
           ^^^^^^^^^^^^^^^^^^^^^^^^^^^^^^^
  File "/Users/woschj/Downloads/technik/scandy/venv/lib/python3.11/site-packages/flask/templating.py", line 131, in _render
    rv = template.render(context)
         ^^^^^^^^^^^^^^^^^^^^^^^^
  File "/Users/woschj/Downloads/technik/scandy/venv/lib/python3.11/site-packages/jinja2/environment.py", line 1304, in render
    self.environment.handle_exception()
  File "/Users/woschj/Downloads/technik/scandy/venv/lib/python3.11/site-packages/jinja2/environment.py", line 939, in handle_exception
    raise rewrite_traceback_stack(source=source)
  File "/Users/woschj/Downloads/technik/scandy/app/templates/auth/login.html", line 1, in top-level template code
    {% extends "base.html" %}
  File "/Users/woschj/Downloads/technik/scandy/app/templates/base.html", line 197, in top-level template code
    {% if trash_count is defined and trash_count > 0 %}
    ^^^^^^^^^^^^^^^^^^^^^^^^^
jinja2.exceptions.UndefinedError: 'trash_count' is undefined

During handling of the above exception, another exception occurred:

Traceback (most recent call last):
  File "/Users/woschj/Downloads/technik/scandy/venv/lib/python3.11/site-packages/flask/app.py", line 1473, in wsgi_app
    response = self.full_dispatch_request()
               ^^^^^^^^^^^^^^^^^^^^^^^^^^^^
  File "/Users/woschj/Downloads/technik/scandy/venv/lib/python3.11/site-packages/flask/app.py", line 882, in full_dispatch_request
    rv = self.handle_user_exception(e)
         ^^^^^^^^^^^^^^^^^^^^^^^^^^^^^
  File "/Users/woschj/Downloads/technik/scandy/venv/lib/python3.11/site-packages/flask/app.py", line 772, in handle_user_exception
    return self.ensure_sync(handler)(e)  # type: ignore[no-any-return]
           ^^^^^^^^^^^^^^^^^^^^^^^^^^^^
  File "/Users/woschj/Downloads/technik/scandy/app/__init__.py", line 139, in handle_exception
    def index():
               ^
  File "/Users/woschj/Downloads/technik/scandy/venv/lib/python3.11/site-packages/flask/templating.py", line 150, in render_template
    return _render(app, template, context)
           ^^^^^^^^^^^^^^^^^^^^^^^^^^^^^^^
  File "/Users/woschj/Downloads/technik/scandy/venv/lib/python3.11/site-packages/flask/templating.py", line 131, in _render
    rv = template.render(context)
         ^^^^^^^^^^^^^^^^^^^^^^^^
  File "/Users/woschj/Downloads/technik/scandy/venv/lib/python3.11/site-packages/jinja2/environment.py", line 1304, in render
    self.environment.handle_exception()
  File "/Users/woschj/Downloads/technik/scandy/venv/lib/python3.11/site-packages/jinja2/environment.py", line 939, in handle_exception
    raise rewrite_traceback_stack(source=source)
  File "/Users/woschj/Downloads/technik/scandy/app/templates/error.html", line 1, in top-level template code
    {% extends "base.html" %}
  File "/Users/woschj/Downloads/technik/scandy/app/templates/base.html", line 197, in top-level template code
    {% if trash_count is defined and trash_count > 0 %}
    ^^^^^^^^^^^^^^^^^^^^^^^^^
jinja2.exceptions.UndefinedError: 'trash_count' is undefined
Unerwarteter Fehler in dashboard: Could not build url for endpoint 'inventory.tools'. Did you mean 'inventory.add_tool' instead?
Unerwarteter Fehler in dashboard: Could not build url for endpoint 'inventory.tools'. Did you mean 'inventory.add_tool' instead?
Unerwarteter Fehler in dashboard: Could not build url for endpoint 'inventory.tools'. Did you mean 'inventory.add_tool' instead?
Unerwarteter Fehler in dashboard: Could not build url for endpoint 'inventory.tools'. Did you mean 'inventory.add_tool' instead?
Unerwarteter Fehler in dashboard: Could not build url for endpoint 'inventory.tools'. Did you mean 'inventory.add_tool' instead?
Unerwarteter Fehler in dashboard: Could not build url for endpoint 'inventory.tools'. Did you mean 'inventory.add_tool' instead?
Unerwarteter Fehler in dashboard: Could not build url for endpoint 'inventory.tools'. Did you mean 'inventory.add_tool' instead?
Exception on /inventory/tools/ [GET]
Traceback (most recent call last):
  File "/Users/woschj/Downloads/technik/scandy/venv/lib/python3.11/site-packages/flask/app.py", line 880, in full_dispatch_request
    rv = self.dispatch_request()
         ^^^^^^^^^^^^^^^^^^^^^^^
  File "/Users/woschj/Downloads/technik/scandy/venv/lib/python3.11/site-packages/flask/app.py", line 854, in dispatch_request
    self.raise_routing_exception(req)
  File "/Users/woschj/Downloads/technik/scandy/venv/lib/python3.11/site-packages/flask/app.py", line 463, in raise_routing_exception
    raise request.routing_exception  # type: ignore[misc]
    ^^^^^^^^^^^^^^^^^^^^^^^^^^^^^^^
  File "/Users/woschj/Downloads/technik/scandy/venv/lib/python3.11/site-packages/flask/ctx.py", line 362, in match_request
    result = self.url_adapter.match(return_rule=True)  # type: ignore
             ^^^^^^^^^^^^^^^^^^^^^^^^^^^^^^^^^^^^^^^^
  File "/Users/woschj/Downloads/technik/scandy/venv/lib/python3.11/site-packages/werkzeug/routing/map.py", line 629, in match
    raise NotFound() from None
werkzeug.exceptions.NotFound: 404 Not Found: The requested URL was not found on the server. If you entered the URL manually please check your spelling and try again.

During handling of the above exception, another exception occurred:

Traceback (most recent call last):
  File "/Users/woschj/Downloads/technik/scandy/venv/lib/python3.11/site-packages/flask/app.py", line 1473, in wsgi_app
    response = self.full_dispatch_request()
               ^^^^^^^^^^^^^^^^^^^^^^^^^^^^
  File "/Users/woschj/Downloads/technik/scandy/venv/lib/python3.11/site-packages/flask/app.py", line 882, in full_dispatch_request
    rv = self.handle_user_exception(e)
         ^^^^^^^^^^^^^^^^^^^^^^^^^^^^^
  File "/Users/woschj/Downloads/technik/scandy/venv/lib/python3.11/site-packages/flask/app.py", line 765, in handle_user_exception
    return self.handle_http_exception(e)
           ^^^^^^^^^^^^^^^^^^^^^^^^^^^^^
  File "/Users/woschj/Downloads/technik/scandy/venv/lib/python3.11/site-packages/flask/app.py", line 740, in handle_http_exception
    return self.ensure_sync(handler)(e)  # type: ignore[no-any-return]
           ^^^^^^^^^^^^^^^^^^^^^^^^^^^^
  File "/Users/woschj/Downloads/technik/scandy/app/__init__.py", line 177, in not_found_error
    return render_template('error.html',
           ^^^^^^^^^^^^^^^^^^^^^^^^^^^^^
  File "/Users/woschj/Downloads/technik/scandy/venv/lib/python3.11/site-packages/flask/templating.py", line 150, in render_template
    return _render(app, template, context)
           ^^^^^^^^^^^^^^^^^^^^^^^^^^^^^^^
  File "/Users/woschj/Downloads/technik/scandy/venv/lib/python3.11/site-packages/flask/templating.py", line 131, in _render
    rv = template.render(context)
         ^^^^^^^^^^^^^^^^^^^^^^^^
  File "/Users/woschj/Downloads/technik/scandy/venv/lib/python3.11/site-packages/jinja2/environment.py", line 1304, in render
    self.environment.handle_exception()
  File "/Users/woschj/Downloads/technik/scandy/venv/lib/python3.11/site-packages/jinja2/environment.py", line 939, in handle_exception
    raise rewrite_traceback_stack(source=source)
  File "/Users/woschj/Downloads/technik/scandy/app/templates/error.html", line 1, in top-level template code
    {% extends "base.html" %}
  File "/Users/woschj/Downloads/technik/scandy/app/templates/base.html", line 192, in top-level template code
    class="btn btn-ghost min-h-[3rem] flex items-center {% if 'tools' in request.endpoint %}btn-active{% endif %}">
    ^^^^^^^^^^^^^^^^^^^^^^^^^
TypeError: argument of type 'NoneType' is not iterable
Unerwarteter Fehler in dashboard: Could not build url for endpoint 'inventory.tools'. Did you mean 'inventory.add_tool' instead?
Error deleting tool: no such column: deleted_at
Traceback (most recent call last):
  File "/Users/woschj/Downloads/technik/scandy/app/models/database.py", line 397, in soft_delete_tool
    cursor.execute("""
sqlite3.OperationalError: no such column: deleted_at
Unerwarteter Fehler in dashboard: Could not build url for endpoint 'inventory.tools'. Did you mean 'inventory.add_tool' instead?
Unerwarteter Fehler in dashboard: Could not build url for endpoint 'inventory.tools'. Did you mean 'inventory.add_tool' instead?
Exception on /favicon.ico [GET]
Traceback (most recent call last):
  File "C:\Python312\Lib\site-packages\flask\app.py", line 880, in full_dispatch_request
    rv = self.dispatch_request()
         ^^^^^^^^^^^^^^^^^^^^^^^
  File "C:\Python312\Lib\site-packages\flask\app.py", line 854, in dispatch_request
    self.raise_routing_exception(req)
  File "C:\Python312\Lib\site-packages\flask\app.py", line 463, in raise_routing_exception
    raise request.routing_exception  # type: ignore[misc]
    ^^^^^^^^^^^^^^^^^^^^^^^^^^^^^^^
  File "C:\Python312\Lib\site-packages\flask\ctx.py", line 362, in match_request
    result = self.url_adapter.match(return_rule=True)  # type: ignore
             ^^^^^^^^^^^^^^^^^^^^^^^^^^^^^^^^^^^^^^^^
  File "C:\Python312\Lib\site-packages\werkzeug\routing\map.py", line 629, in match
    raise NotFound() from None
werkzeug.exceptions.NotFound: 404 Not Found: The requested URL was not found on the server. If you entered the URL manually please check your spelling and try again.

During handling of the above exception, another exception occurred:

Traceback (most recent call last):
  File "C:\Python312\Lib\site-packages\flask\app.py", line 1473, in wsgi_app
    response = self.full_dispatch_request()
               ^^^^^^^^^^^^^^^^^^^^^^^^^^^^
  File "C:\Python312\Lib\site-packages\flask\app.py", line 882, in full_dispatch_request
    rv = self.handle_user_exception(e)
         ^^^^^^^^^^^^^^^^^^^^^^^^^^^^^
  File "C:\Python312\Lib\site-packages\flask\app.py", line 765, in handle_user_exception
    return self.handle_http_exception(e)
           ^^^^^^^^^^^^^^^^^^^^^^^^^^^^^
  File "C:\Python312\Lib\site-packages\flask\app.py", line 740, in handle_http_exception
    return self.ensure_sync(handler)(e)  # type: ignore[no-any-return]
           ^^^^^^^^^^^^^^^^^^^^^^^^^^^^
  File "c:\Users\wosch\Documents\GitHub\scan\Scandy\app\__init__.py", line 150, in not_found_error
    return render_template('error.html',
           ^^^^^^^^^^^^^^^^^^^^^^^^^^^^^
  File "C:\Python312\Lib\site-packages\flask\templating.py", line 150, in render_template
    return _render(app, template, context)
           ^^^^^^^^^^^^^^^^^^^^^^^^^^^^^^^
  File "C:\Python312\Lib\site-packages\flask\templating.py", line 131, in _render
    rv = template.render(context)
         ^^^^^^^^^^^^^^^^^^^^^^^^
  File "C:\Python312\Lib\site-packages\jinja2\environment.py", line 1304, in render
    self.environment.handle_exception()
  File "C:\Python312\Lib\site-packages\jinja2\environment.py", line 939, in handle_exception
    raise rewrite_traceback_stack(source=source)
  File "c:\Users\wosch\Documents\GitHub\scan\Scandy\app\templates\error.html", line 1, in top-level template code
    {% extends "base.html" %}
  File "c:\Users\wosch\Documents\GitHub\scan\Scandy\app\templates\base.html", line 314, in top-level template code
    class="btn btn-ghost min-h-[3rem] flex items-center {% if 'tools' in request.endpoint %}btn-active{% endif %}">
    ^^^^^^^^^^^^^^^^^^^^^^^^^
TypeError: argument of type 'NoneType' is not iterable
Exception on /favicon.ico [GET]
Traceback (most recent call last):
  File "C:\Python312\Lib\site-packages\flask\app.py", line 880, in full_dispatch_request
    rv = self.dispatch_request()
         ^^^^^^^^^^^^^^^^^^^^^^^
  File "C:\Python312\Lib\site-packages\flask\app.py", line 854, in dispatch_request
    self.raise_routing_exception(req)
  File "C:\Python312\Lib\site-packages\flask\app.py", line 463, in raise_routing_exception
    raise request.routing_exception  # type: ignore[misc]
    ^^^^^^^^^^^^^^^^^^^^^^^^^^^^^^^
  File "C:\Python312\Lib\site-packages\flask\ctx.py", line 362, in match_request
    result = self.url_adapter.match(return_rule=True)  # type: ignore
             ^^^^^^^^^^^^^^^^^^^^^^^^^^^^^^^^^^^^^^^^
  File "C:\Python312\Lib\site-packages\werkzeug\routing\map.py", line 629, in match
    raise NotFound() from None
werkzeug.exceptions.NotFound: 404 Not Found: The requested URL was not found on the server. If you entered the URL manually please check your spelling and try again.

During handling of the above exception, another exception occurred:

Traceback (most recent call last):
  File "C:\Python312\Lib\site-packages\flask\app.py", line 1473, in wsgi_app
    response = self.full_dispatch_request()
               ^^^^^^^^^^^^^^^^^^^^^^^^^^^^
  File "C:\Python312\Lib\site-packages\flask\app.py", line 882, in full_dispatch_request
    rv = self.handle_user_exception(e)
         ^^^^^^^^^^^^^^^^^^^^^^^^^^^^^
  File "C:\Python312\Lib\site-packages\flask\app.py", line 765, in handle_user_exception
    return self.handle_http_exception(e)
           ^^^^^^^^^^^^^^^^^^^^^^^^^^^^^
  File "C:\Python312\Lib\site-packages\flask\app.py", line 740, in handle_http_exception
    return self.ensure_sync(handler)(e)  # type: ignore[no-any-return]
           ^^^^^^^^^^^^^^^^^^^^^^^^^^^^
  File "c:\Users\wosch\Documents\GitHub\scan\Scandy\app\__init__.py", line 150, in not_found_error
    return render_template('error.html',
           ^^^^^^^^^^^^^^^^^^^^^^^^^^^^^
  File "C:\Python312\Lib\site-packages\flask\templating.py", line 150, in render_template
    return _render(app, template, context)
           ^^^^^^^^^^^^^^^^^^^^^^^^^^^^^^^
  File "C:\Python312\Lib\site-packages\flask\templating.py", line 131, in _render
    rv = template.render(context)
         ^^^^^^^^^^^^^^^^^^^^^^^^
  File "C:\Python312\Lib\site-packages\jinja2\environment.py", line 1304, in render
    self.environment.handle_exception()
  File "C:\Python312\Lib\site-packages\jinja2\environment.py", line 939, in handle_exception
    raise rewrite_traceback_stack(source=source)
  File "c:\Users\wosch\Documents\GitHub\scan\Scandy\app\templates\error.html", line 1, in top-level template code
    {% extends "base.html" %}
  File "c:\Users\wosch\Documents\GitHub\scan\Scandy\app\templates\base.html", line 314, in top-level template code
    class="btn btn-ghost min-h-[3rem] flex items-center {% if 'tools' in request.endpoint %}btn-active{% endif %}">
    ^^^^^^^^^^^^^^^^^^^^^^^^^
TypeError: argument of type 'NoneType' is not iterable
Exception on /favicon.ico [GET]
Traceback (most recent call last):
  File "C:\Python312\Lib\site-packages\flask\app.py", line 880, in full_dispatch_request
    rv = self.dispatch_request()
         ^^^^^^^^^^^^^^^^^^^^^^^
  File "C:\Python312\Lib\site-packages\flask\app.py", line 854, in dispatch_request
    self.raise_routing_exception(req)
  File "C:\Python312\Lib\site-packages\flask\app.py", line 463, in raise_routing_exception
    raise request.routing_exception  # type: ignore[misc]
    ^^^^^^^^^^^^^^^^^^^^^^^^^^^^^^^
  File "C:\Python312\Lib\site-packages\flask\ctx.py", line 362, in match_request
    result = self.url_adapter.match(return_rule=True)  # type: ignore
             ^^^^^^^^^^^^^^^^^^^^^^^^^^^^^^^^^^^^^^^^
  File "C:\Python312\Lib\site-packages\werkzeug\routing\map.py", line 629, in match
    raise NotFound() from None
werkzeug.exceptions.NotFound: 404 Not Found: The requested URL was not found on the server. If you entered the URL manually please check your spelling and try again.

During handling of the above exception, another exception occurred:

Traceback (most recent call last):
  File "C:\Python312\Lib\site-packages\flask\app.py", line 1473, in wsgi_app
    response = self.full_dispatch_request()
               ^^^^^^^^^^^^^^^^^^^^^^^^^^^^
  File "C:\Python312\Lib\site-packages\flask\app.py", line 882, in full_dispatch_request
    rv = self.handle_user_exception(e)
         ^^^^^^^^^^^^^^^^^^^^^^^^^^^^^
  File "C:\Python312\Lib\site-packages\flask\app.py", line 765, in handle_user_exception
    return self.handle_http_exception(e)
           ^^^^^^^^^^^^^^^^^^^^^^^^^^^^^
  File "C:\Python312\Lib\site-packages\flask\app.py", line 740, in handle_http_exception
    return self.ensure_sync(handler)(e)  # type: ignore[no-any-return]
           ^^^^^^^^^^^^^^^^^^^^^^^^^^^^
  File "c:\Users\wosch\Documents\GitHub\scan\Scandy\app\__init__.py", line 150, in not_found_error
    return render_template('error.html',
           ^^^^^^^^^^^^^^^^^^^^^^^^^^^^^
  File "C:\Python312\Lib\site-packages\flask\templating.py", line 150, in render_template
    return _render(app, template, context)
           ^^^^^^^^^^^^^^^^^^^^^^^^^^^^^^^
  File "C:\Python312\Lib\site-packages\flask\templating.py", line 131, in _render
    rv = template.render(context)
         ^^^^^^^^^^^^^^^^^^^^^^^^
  File "C:\Python312\Lib\site-packages\jinja2\environment.py", line 1304, in render
    self.environment.handle_exception()
  File "C:\Python312\Lib\site-packages\jinja2\environment.py", line 939, in handle_exception
    raise rewrite_traceback_stack(source=source)
  File "c:\Users\wosch\Documents\GitHub\scan\Scandy\app\templates\error.html", line 1, in top-level template code
    {% extends "base.html" %}
  File "c:\Users\wosch\Documents\GitHub\scan\Scandy\app\templates\base.html", line 314, in top-level template code
    }
TypeError: argument of type 'NoneType' is not iterable
Datenbankfehler in dashboard: no such table: consumable_usages
Datenbankfehler in dashboard: no such table: consumable_usages
Datenbankfehler in dashboard: no such table: consumable_usages
Datenbankfehler in dashboard: no such table: consumable_usages
Datenbankfehler in dashboard: no such table: consumable_usages
Datenbankfehler in dashboard: no such table: consumable_usages
Datenbankfehler in dashboard: no such table: consumable_usages
Datenbankfehler in dashboard: no such table: consumable_usages
Exception on /api/consumables/C970842 [DELETE]
Traceback (most recent call last):
  File "C:\Python312\Lib\site-packages\flask\app.py", line 880, in full_dispatch_request
    rv = self.dispatch_request()
         ^^^^^^^^^^^^^^^^^^^^^^^
  File "C:\Python312\Lib\site-packages\flask\app.py", line 854, in dispatch_request
    self.raise_routing_exception(req)
  File "C:\Python312\Lib\site-packages\flask\app.py", line 463, in raise_routing_exception
    raise request.routing_exception  # type: ignore[misc]
    ^^^^^^^^^^^^^^^^^^^^^^^^^^^^^^^
  File "C:\Python312\Lib\site-packages\flask\ctx.py", line 362, in match_request
    result = self.url_adapter.match(return_rule=True)  # type: ignore
             ^^^^^^^^^^^^^^^^^^^^^^^^^^^^^^^^^^^^^^^^
  File "C:\Python312\Lib\site-packages\werkzeug\routing\map.py", line 629, in match
    raise NotFound() from None
werkzeug.exceptions.NotFound: 404 Not Found: The requested URL was not found on the server. If you entered the URL manually please check your spelling and try again.

During handling of the above exception, another exception occurred:

Traceback (most recent call last):
  File "C:\Python312\Lib\site-packages\flask\app.py", line 1473, in wsgi_app
    response = self.full_dispatch_request()
               ^^^^^^^^^^^^^^^^^^^^^^^^^^^^
  File "C:\Python312\Lib\site-packages\flask\app.py", line 882, in full_dispatch_request
    rv = self.handle_user_exception(e)
         ^^^^^^^^^^^^^^^^^^^^^^^^^^^^^
  File "C:\Python312\Lib\site-packages\flask\app.py", line 765, in handle_user_exception
    return self.handle_http_exception(e)
           ^^^^^^^^^^^^^^^^^^^^^^^^^^^^^
  File "C:\Python312\Lib\site-packages\flask\app.py", line 740, in handle_http_exception
    return self.ensure_sync(handler)(e)  # type: ignore[no-any-return]
           ^^^^^^^^^^^^^^^^^^^^^^^^^^^^
  File "c:\Users\wosch\Documents\GitHub\scan\Scandy\app\__init__.py", line 150, in not_found_error
    return render_template('error.html',
           ^^^^^^^^^^^^^^^^^^^^^^^^^^^^^
  File "C:\Python312\Lib\site-packages\flask\templating.py", line 150, in render_template
    return _render(app, template, context)
           ^^^^^^^^^^^^^^^^^^^^^^^^^^^^^^^
  File "C:\Python312\Lib\site-packages\flask\templating.py", line 131, in _render
    rv = template.render(context)
         ^^^^^^^^^^^^^^^^^^^^^^^^
  File "C:\Python312\Lib\site-packages\jinja2\environment.py", line 1304, in render
    self.environment.handle_exception()
  File "C:\Python312\Lib\site-packages\jinja2\environment.py", line 939, in handle_exception
    raise rewrite_traceback_stack(source=source)
  File "c:\Users\wosch\Documents\GitHub\scan\Scandy\app\templates\error.html", line 1, in top-level template code
    {% extends "base.html" %}
  File "c:\Users\wosch\Documents\GitHub\scan\Scandy\app\templates\base.html", line 67, in top-level template code
    class="btn btn-ghost min-h-[3rem] flex items-center {% if 'tools' in request.endpoint %}btn-active{% endif %}">
    ^^^^^^^^^^^^^^^^^^^^^^^^^
TypeError: argument of type 'NoneType' is not iterable
Error deleting tool: no such column: deleted_at
Traceback (most recent call last):
  File "c:\Users\wosch\Documents\GitHub\scan\Scandy\app\models\database.py", line 397, in soft_delete_tool
    cursor.execute("""
sqlite3.OperationalError: no such column: deleted_at
Exception on /api/workers/W679409 [DELETE]
Traceback (most recent call last):
  File "C:\Python312\Lib\site-packages\flask\app.py", line 880, in full_dispatch_request
    rv = self.dispatch_request()
         ^^^^^^^^^^^^^^^^^^^^^^^
  File "C:\Python312\Lib\site-packages\flask\app.py", line 854, in dispatch_request
    self.raise_routing_exception(req)
  File "C:\Python312\Lib\site-packages\flask\app.py", line 463, in raise_routing_exception
    raise request.routing_exception  # type: ignore[misc]
    ^^^^^^^^^^^^^^^^^^^^^^^^^^^^^^^
  File "C:\Python312\Lib\site-packages\flask\ctx.py", line 362, in match_request
    result = self.url_adapter.match(return_rule=True)  # type: ignore
             ^^^^^^^^^^^^^^^^^^^^^^^^^^^^^^^^^^^^^^^^
  File "C:\Python312\Lib\site-packages\werkzeug\routing\map.py", line 629, in match
    raise NotFound() from None
werkzeug.exceptions.NotFound: 404 Not Found: The requested URL was not found on the server. If you entered the URL manually please check your spelling and try again.

During handling of the above exception, another exception occurred:

Traceback (most recent call last):
  File "C:\Python312\Lib\site-packages\flask\app.py", line 1473, in wsgi_app
    response = self.full_dispatch_request()
               ^^^^^^^^^^^^^^^^^^^^^^^^^^^^
  File "C:\Python312\Lib\site-packages\flask\app.py", line 882, in full_dispatch_request
    rv = self.handle_user_exception(e)
         ^^^^^^^^^^^^^^^^^^^^^^^^^^^^^
  File "C:\Python312\Lib\site-packages\flask\app.py", line 765, in handle_user_exception
    return self.handle_http_exception(e)
           ^^^^^^^^^^^^^^^^^^^^^^^^^^^^^
  File "C:\Python312\Lib\site-packages\flask\app.py", line 740, in handle_http_exception
    return self.ensure_sync(handler)(e)  # type: ignore[no-any-return]
           ^^^^^^^^^^^^^^^^^^^^^^^^^^^^
  File "c:\Users\wosch\Documents\GitHub\scan\Scandy\app\__init__.py", line 150, in not_found_error
    return render_template('error.html',
           ^^^^^^^^^^^^^^^^^^^^^^^^^^^^^
  File "C:\Python312\Lib\site-packages\flask\templating.py", line 150, in render_template
    return _render(app, template, context)
           ^^^^^^^^^^^^^^^^^^^^^^^^^^^^^^^
  File "C:\Python312\Lib\site-packages\flask\templating.py", line 131, in _render
    rv = template.render(context)
         ^^^^^^^^^^^^^^^^^^^^^^^^
  File "C:\Python312\Lib\site-packages\jinja2\environment.py", line 1304, in render
    self.environment.handle_exception()
  File "C:\Python312\Lib\site-packages\jinja2\environment.py", line 939, in handle_exception
    raise rewrite_traceback_stack(source=source)
  File "c:\Users\wosch\Documents\GitHub\scan\Scandy\app\templates\error.html", line 1, in top-level template code
    {% extends "base.html" %}
  File "c:\Users\wosch\Documents\GitHub\scan\Scandy\app\templates\base.html", line 67, in top-level template code
    class="btn btn-ghost min-h-[3rem] flex items-center {% if 'tools' in request.endpoint %}btn-active{% endif %}">
    ^^^^^^^^^^^^^^^^^^^^^^^^^
TypeError: argument of type 'NoneType' is not iterable
Exception on /api/workers/W679409 [DELETE]
Traceback (most recent call last):
  File "C:\Python312\Lib\site-packages\flask\app.py", line 880, in full_dispatch_request
    rv = self.dispatch_request()
         ^^^^^^^^^^^^^^^^^^^^^^^
  File "C:\Python312\Lib\site-packages\flask\app.py", line 854, in dispatch_request
    self.raise_routing_exception(req)
  File "C:\Python312\Lib\site-packages\flask\app.py", line 463, in raise_routing_exception
    raise request.routing_exception  # type: ignore[misc]
    ^^^^^^^^^^^^^^^^^^^^^^^^^^^^^^^
  File "C:\Python312\Lib\site-packages\flask\ctx.py", line 362, in match_request
    result = self.url_adapter.match(return_rule=True)  # type: ignore
             ^^^^^^^^^^^^^^^^^^^^^^^^^^^^^^^^^^^^^^^^
  File "C:\Python312\Lib\site-packages\werkzeug\routing\map.py", line 629, in match
    raise NotFound() from None
werkzeug.exceptions.NotFound: 404 Not Found: The requested URL was not found on the server. If you entered the URL manually please check your spelling and try again.

During handling of the above exception, another exception occurred:

Traceback (most recent call last):
  File "C:\Python312\Lib\site-packages\flask\app.py", line 1473, in wsgi_app
    response = self.full_dispatch_request()
               ^^^^^^^^^^^^^^^^^^^^^^^^^^^^
  File "C:\Python312\Lib\site-packages\flask\app.py", line 882, in full_dispatch_request
    rv = self.handle_user_exception(e)
         ^^^^^^^^^^^^^^^^^^^^^^^^^^^^^
  File "C:\Python312\Lib\site-packages\flask\app.py", line 765, in handle_user_exception
    return self.handle_http_exception(e)
           ^^^^^^^^^^^^^^^^^^^^^^^^^^^^^
  File "C:\Python312\Lib\site-packages\flask\app.py", line 740, in handle_http_exception
    return self.ensure_sync(handler)(e)  # type: ignore[no-any-return]
           ^^^^^^^^^^^^^^^^^^^^^^^^^^^^
  File "c:\Users\wosch\Documents\GitHub\scan\Scandy\app\__init__.py", line 150, in not_found_error
    return render_template('error.html',
           ^^^^^^^^^^^^^^^^^^^^^^^^^^^^^
  File "C:\Python312\Lib\site-packages\flask\templating.py", line 150, in render_template
    return _render(app, template, context)
           ^^^^^^^^^^^^^^^^^^^^^^^^^^^^^^^
  File "C:\Python312\Lib\site-packages\flask\templating.py", line 131, in _render
    rv = template.render(context)
         ^^^^^^^^^^^^^^^^^^^^^^^^
  File "C:\Python312\Lib\site-packages\jinja2\environment.py", line 1304, in render
    self.environment.handle_exception()
  File "C:\Python312\Lib\site-packages\jinja2\environment.py", line 939, in handle_exception
    raise rewrite_traceback_stack(source=source)
  File "c:\Users\wosch\Documents\GitHub\scan\Scandy\app\templates\error.html", line 1, in top-level template code
    {% extends "base.html" %}
  File "c:\Users\wosch\Documents\GitHub\scan\Scandy\app\templates\base.html", line 67, in top-level template code
    class="btn btn-ghost min-h-[3rem] flex items-center {% if 'tools' in request.endpoint %}btn-active{% endif %}">
    ^^^^^^^^^^^^^^^^^^^^^^^^^
TypeError: argument of type 'NoneType' is not iterable
Exception on /api/workers/W679409 [DELETE]
Traceback (most recent call last):
  File "C:\Python312\Lib\site-packages\flask\app.py", line 880, in full_dispatch_request
    rv = self.dispatch_request()
         ^^^^^^^^^^^^^^^^^^^^^^^
  File "C:\Python312\Lib\site-packages\flask\app.py", line 854, in dispatch_request
    self.raise_routing_exception(req)
  File "C:\Python312\Lib\site-packages\flask\app.py", line 463, in raise_routing_exception
    raise request.routing_exception  # type: ignore[misc]
    ^^^^^^^^^^^^^^^^^^^^^^^^^^^^^^^
  File "C:\Python312\Lib\site-packages\flask\ctx.py", line 362, in match_request
    result = self.url_adapter.match(return_rule=True)  # type: ignore
             ^^^^^^^^^^^^^^^^^^^^^^^^^^^^^^^^^^^^^^^^
  File "C:\Python312\Lib\site-packages\werkzeug\routing\map.py", line 629, in match
    raise NotFound() from None
werkzeug.exceptions.NotFound: 404 Not Found: The requested URL was not found on the server. If you entered the URL manually please check your spelling and try again.

During handling of the above exception, another exception occurred:

Traceback (most recent call last):
  File "C:\Python312\Lib\site-packages\flask\app.py", line 1473, in wsgi_app
    response = self.full_dispatch_request()
               ^^^^^^^^^^^^^^^^^^^^^^^^^^^^
  File "C:\Python312\Lib\site-packages\flask\app.py", line 882, in full_dispatch_request
    rv = self.handle_user_exception(e)
         ^^^^^^^^^^^^^^^^^^^^^^^^^^^^^
  File "C:\Python312\Lib\site-packages\flask\app.py", line 765, in handle_user_exception
    return self.handle_http_exception(e)
           ^^^^^^^^^^^^^^^^^^^^^^^^^^^^^
  File "C:\Python312\Lib\site-packages\flask\app.py", line 740, in handle_http_exception
    return self.ensure_sync(handler)(e)  # type: ignore[no-any-return]
           ^^^^^^^^^^^^^^^^^^^^^^^^^^^^
  File "c:\Users\wosch\Documents\GitHub\scan\Scandy\app\__init__.py", line 150, in not_found_error
    return render_template('error.html',
           ^^^^^^^^^^^^^^^^^^^^^^^^^^^^^
  File "C:\Python312\Lib\site-packages\flask\templating.py", line 150, in render_template
    return _render(app, template, context)
           ^^^^^^^^^^^^^^^^^^^^^^^^^^^^^^^
  File "C:\Python312\Lib\site-packages\flask\templating.py", line 131, in _render
    rv = template.render(context)
         ^^^^^^^^^^^^^^^^^^^^^^^^
  File "C:\Python312\Lib\site-packages\jinja2\environment.py", line 1304, in render
    self.environment.handle_exception()
  File "C:\Python312\Lib\site-packages\jinja2\environment.py", line 939, in handle_exception
    raise rewrite_traceback_stack(source=source)
  File "c:\Users\wosch\Documents\GitHub\scan\Scandy\app\templates\error.html", line 1, in top-level template code
    {% extends "base.html" %}
  File "c:\Users\wosch\Documents\GitHub\scan\Scandy\app\templates\base.html", line 67, in top-level template code
    class="btn btn-ghost min-h-[3rem] flex items-center {% if 'tools' in request.endpoint %}btn-active{% endif %}">
    ^^^^^^^^^^^^^^^^^^^^^^^^^
TypeError: argument of type 'NoneType' is not iterable
Exception on /api/workers/W679409 [DELETE]
Traceback (most recent call last):
  File "C:\Python312\Lib\site-packages\flask\app.py", line 880, in full_dispatch_request
    rv = self.dispatch_request()
         ^^^^^^^^^^^^^^^^^^^^^^^
  File "C:\Python312\Lib\site-packages\flask\app.py", line 854, in dispatch_request
    self.raise_routing_exception(req)
  File "C:\Python312\Lib\site-packages\flask\app.py", line 463, in raise_routing_exception
    raise request.routing_exception  # type: ignore[misc]
    ^^^^^^^^^^^^^^^^^^^^^^^^^^^^^^^
  File "C:\Python312\Lib\site-packages\flask\ctx.py", line 362, in match_request
    result = self.url_adapter.match(return_rule=True)  # type: ignore
             ^^^^^^^^^^^^^^^^^^^^^^^^^^^^^^^^^^^^^^^^
  File "C:\Python312\Lib\site-packages\werkzeug\routing\map.py", line 629, in match
    raise NotFound() from None
werkzeug.exceptions.NotFound: 404 Not Found: The requested URL was not found on the server. If you entered the URL manually please check your spelling and try again.

During handling of the above exception, another exception occurred:

Traceback (most recent call last):
  File "C:\Python312\Lib\site-packages\flask\app.py", line 1473, in wsgi_app
    response = self.full_dispatch_request()
               ^^^^^^^^^^^^^^^^^^^^^^^^^^^^
  File "C:\Python312\Lib\site-packages\flask\app.py", line 882, in full_dispatch_request
    rv = self.handle_user_exception(e)
         ^^^^^^^^^^^^^^^^^^^^^^^^^^^^^
  File "C:\Python312\Lib\site-packages\flask\app.py", line 765, in handle_user_exception
    return self.handle_http_exception(e)
           ^^^^^^^^^^^^^^^^^^^^^^^^^^^^^
  File "C:\Python312\Lib\site-packages\flask\app.py", line 740, in handle_http_exception
    return self.ensure_sync(handler)(e)  # type: ignore[no-any-return]
           ^^^^^^^^^^^^^^^^^^^^^^^^^^^^
  File "c:\Users\wosch\Documents\GitHub\scan\Scandy\app\__init__.py", line 150, in not_found_error
    return render_template('error.html',
           ^^^^^^^^^^^^^^^^^^^^^^^^^^^^^
  File "C:\Python312\Lib\site-packages\flask\templating.py", line 150, in render_template
    return _render(app, template, context)
           ^^^^^^^^^^^^^^^^^^^^^^^^^^^^^^^
  File "C:\Python312\Lib\site-packages\flask\templating.py", line 131, in _render
    rv = template.render(context)
         ^^^^^^^^^^^^^^^^^^^^^^^^
  File "C:\Python312\Lib\site-packages\jinja2\environment.py", line 1304, in render
    self.environment.handle_exception()
  File "C:\Python312\Lib\site-packages\jinja2\environment.py", line 939, in handle_exception
    raise rewrite_traceback_stack(source=source)
  File "c:\Users\wosch\Documents\GitHub\scan\Scandy\app\templates\error.html", line 1, in top-level template code
    {% extends "base.html" %}
  File "c:\Users\wosch\Documents\GitHub\scan\Scandy\app\templates\base.html", line 73, in top-level template code
    class="btn btn-ghost min-h-[3rem] flex items-center {% if 'consumables' in request.endpoint %}btn-active{% endif %}">
    ^^^^^^^^^^^^^^^^^^^^^^^^^
TypeError: argument of type 'NoneType' is not iterable
Exception on /api/workers/W990970 [DELETE]
Traceback (most recent call last):
  File "C:\Python312\Lib\site-packages\flask\app.py", line 880, in full_dispatch_request
    rv = self.dispatch_request()
         ^^^^^^^^^^^^^^^^^^^^^^^
  File "C:\Python312\Lib\site-packages\flask\app.py", line 854, in dispatch_request
    self.raise_routing_exception(req)
  File "C:\Python312\Lib\site-packages\flask\app.py", line 463, in raise_routing_exception
    raise request.routing_exception  # type: ignore[misc]
    ^^^^^^^^^^^^^^^^^^^^^^^^^^^^^^^
  File "C:\Python312\Lib\site-packages\flask\ctx.py", line 362, in match_request
    result = self.url_adapter.match(return_rule=True)  # type: ignore
             ^^^^^^^^^^^^^^^^^^^^^^^^^^^^^^^^^^^^^^^^
  File "C:\Python312\Lib\site-packages\werkzeug\routing\map.py", line 629, in match
    raise NotFound() from None
werkzeug.exceptions.NotFound: 404 Not Found: The requested URL was not found on the server. If you entered the URL manually please check your spelling and try again.

During handling of the above exception, another exception occurred:

Traceback (most recent call last):
  File "C:\Python312\Lib\site-packages\flask\app.py", line 1473, in wsgi_app
    response = self.full_dispatch_request()
               ^^^^^^^^^^^^^^^^^^^^^^^^^^^^
  File "C:\Python312\Lib\site-packages\flask\app.py", line 882, in full_dispatch_request
    rv = self.handle_user_exception(e)
         ^^^^^^^^^^^^^^^^^^^^^^^^^^^^^
  File "C:\Python312\Lib\site-packages\flask\app.py", line 765, in handle_user_exception
    return self.handle_http_exception(e)
           ^^^^^^^^^^^^^^^^^^^^^^^^^^^^^
  File "C:\Python312\Lib\site-packages\flask\app.py", line 740, in handle_http_exception
    return self.ensure_sync(handler)(e)  # type: ignore[no-any-return]
           ^^^^^^^^^^^^^^^^^^^^^^^^^^^^
  File "c:\Users\wosch\Documents\GitHub\scan\Scandy\app\__init__.py", line 150, in not_found_error
    return render_template('error.html',
           ^^^^^^^^^^^^^^^^^^^^^^^^^^^^^
  File "C:\Python312\Lib\site-packages\flask\templating.py", line 150, in render_template
    return _render(app, template, context)
           ^^^^^^^^^^^^^^^^^^^^^^^^^^^^^^^
  File "C:\Python312\Lib\site-packages\flask\templating.py", line 131, in _render
    rv = template.render(context)
         ^^^^^^^^^^^^^^^^^^^^^^^^
  File "C:\Python312\Lib\site-packages\jinja2\environment.py", line 1304, in render
    self.environment.handle_exception()
  File "C:\Python312\Lib\site-packages\jinja2\environment.py", line 939, in handle_exception
    raise rewrite_traceback_stack(source=source)
  File "c:\Users\wosch\Documents\GitHub\scan\Scandy\app\templates\error.html", line 1, in top-level template code
    {% extends "base.html" %}
  File "c:\Users\wosch\Documents\GitHub\scan\Scandy\app\templates\base.html", line 73, in top-level template code
    class="btn btn-ghost min-h-[3rem] flex items-center {% if 'consumables' in request.endpoint %}btn-active{% endif %}">
    ^^^^^^^^^^^^^^^^^^^^^^^^^
TypeError: argument of type 'NoneType' is not iterable
Fehler beim Soft-Delete: no such column: deleted_at
Exception on /api/consumables/C970842 [DELETE]
Traceback (most recent call last):
  File "C:\Python312\Lib\site-packages\flask\app.py", line 880, in full_dispatch_request
    rv = self.dispatch_request()
         ^^^^^^^^^^^^^^^^^^^^^^^
  File "C:\Python312\Lib\site-packages\flask\app.py", line 854, in dispatch_request
    self.raise_routing_exception(req)
  File "C:\Python312\Lib\site-packages\flask\app.py", line 463, in raise_routing_exception
    raise request.routing_exception  # type: ignore[misc]
    ^^^^^^^^^^^^^^^^^^^^^^^^^^^^^^^
  File "C:\Python312\Lib\site-packages\flask\ctx.py", line 362, in match_request
    result = self.url_adapter.match(return_rule=True)  # type: ignore
             ^^^^^^^^^^^^^^^^^^^^^^^^^^^^^^^^^^^^^^^^
  File "C:\Python312\Lib\site-packages\werkzeug\routing\map.py", line 629, in match
    raise NotFound() from None
werkzeug.exceptions.NotFound: 404 Not Found: The requested URL was not found on the server. If you entered the URL manually please check your spelling and try again.

During handling of the above exception, another exception occurred:

Traceback (most recent call last):
  File "C:\Python312\Lib\site-packages\flask\app.py", line 1473, in wsgi_app
    response = self.full_dispatch_request()
               ^^^^^^^^^^^^^^^^^^^^^^^^^^^^
  File "C:\Python312\Lib\site-packages\flask\app.py", line 882, in full_dispatch_request
    rv = self.handle_user_exception(e)
         ^^^^^^^^^^^^^^^^^^^^^^^^^^^^^
  File "C:\Python312\Lib\site-packages\flask\app.py", line 765, in handle_user_exception
    return self.handle_http_exception(e)
           ^^^^^^^^^^^^^^^^^^^^^^^^^^^^^
  File "C:\Python312\Lib\site-packages\flask\app.py", line 740, in handle_http_exception
    return self.ensure_sync(handler)(e)  # type: ignore[no-any-return]
           ^^^^^^^^^^^^^^^^^^^^^^^^^^^^
  File "c:\Users\wosch\Documents\GitHub\scan\Scandy\app\__init__.py", line 150, in not_found_error
    return render_template('error.html',
           ^^^^^^^^^^^^^^^^^^^^^^^^^^^^^
  File "C:\Python312\Lib\site-packages\flask\templating.py", line 150, in render_template
    return _render(app, template, context)
           ^^^^^^^^^^^^^^^^^^^^^^^^^^^^^^^
  File "C:\Python312\Lib\site-packages\flask\templating.py", line 131, in _render
    rv = template.render(context)
         ^^^^^^^^^^^^^^^^^^^^^^^^
  File "C:\Python312\Lib\site-packages\jinja2\environment.py", line 1304, in render
    self.environment.handle_exception()
  File "C:\Python312\Lib\site-packages\jinja2\environment.py", line 939, in handle_exception
    raise rewrite_traceback_stack(source=source)
  File "c:\Users\wosch\Documents\GitHub\scan\Scandy\app\templates\error.html", line 1, in top-level template code
    {% extends "base.html" %}
  File "c:\Users\wosch\Documents\GitHub\scan\Scandy\app\templates\base.html", line 73, in top-level template code
    class="btn btn-ghost min-h-[3rem] flex items-center {% if 'consumables' in request.endpoint %}btn-active{% endif %}">
    ^^^^^^^^^^^^^^^^^^^^^^^^^
TypeError: argument of type 'NoneType' is not iterable
Exception on /api/consumables/C781565 [DELETE]
Traceback (most recent call last):
  File "C:\Python312\Lib\site-packages\flask\app.py", line 880, in full_dispatch_request
    rv = self.dispatch_request()
         ^^^^^^^^^^^^^^^^^^^^^^^
  File "C:\Python312\Lib\site-packages\flask\app.py", line 854, in dispatch_request
    self.raise_routing_exception(req)
  File "C:\Python312\Lib\site-packages\flask\app.py", line 463, in raise_routing_exception
    raise request.routing_exception  # type: ignore[misc]
    ^^^^^^^^^^^^^^^^^^^^^^^^^^^^^^^
  File "C:\Python312\Lib\site-packages\flask\ctx.py", line 362, in match_request
    result = self.url_adapter.match(return_rule=True)  # type: ignore
             ^^^^^^^^^^^^^^^^^^^^^^^^^^^^^^^^^^^^^^^^
  File "C:\Python312\Lib\site-packages\werkzeug\routing\map.py", line 629, in match
    raise NotFound() from None
werkzeug.exceptions.NotFound: 404 Not Found: The requested URL was not found on the server. If you entered the URL manually please check your spelling and try again.

During handling of the above exception, another exception occurred:

Traceback (most recent call last):
  File "C:\Python312\Lib\site-packages\flask\app.py", line 1473, in wsgi_app
    response = self.full_dispatch_request()
               ^^^^^^^^^^^^^^^^^^^^^^^^^^^^
  File "C:\Python312\Lib\site-packages\flask\app.py", line 882, in full_dispatch_request
    rv = self.handle_user_exception(e)
         ^^^^^^^^^^^^^^^^^^^^^^^^^^^^^
  File "C:\Python312\Lib\site-packages\flask\app.py", line 765, in handle_user_exception
    return self.handle_http_exception(e)
           ^^^^^^^^^^^^^^^^^^^^^^^^^^^^^
  File "C:\Python312\Lib\site-packages\flask\app.py", line 740, in handle_http_exception
    return self.ensure_sync(handler)(e)  # type: ignore[no-any-return]
           ^^^^^^^^^^^^^^^^^^^^^^^^^^^^
  File "c:\Users\wosch\Documents\GitHub\scan\Scandy\app\__init__.py", line 150, in not_found_error
    return render_template('error.html',
           ^^^^^^^^^^^^^^^^^^^^^^^^^^^^^
  File "C:\Python312\Lib\site-packages\flask\templating.py", line 150, in render_template
    return _render(app, template, context)
           ^^^^^^^^^^^^^^^^^^^^^^^^^^^^^^^
  File "C:\Python312\Lib\site-packages\flask\templating.py", line 131, in _render
    rv = template.render(context)
         ^^^^^^^^^^^^^^^^^^^^^^^^
  File "C:\Python312\Lib\site-packages\jinja2\environment.py", line 1304, in render
    self.environment.handle_exception()
  File "C:\Python312\Lib\site-packages\jinja2\environment.py", line 939, in handle_exception
    raise rewrite_traceback_stack(source=source)
  File "c:\Users\wosch\Documents\GitHub\scan\Scandy\app\templates\error.html", line 1, in top-level template code
    {% extends "base.html" %}
  File "c:\Users\wosch\Documents\GitHub\scan\Scandy\app\templates\base.html", line 108, in top-level template code
    class="btn btn-ghost min-h-[3rem] flex items-center {% if 'admin.dashboard' in request.endpoint %}btn-active{% endif %}">
    ^^^^^^^^^^^^^^^^^^^^^^^^^
TypeError: argument of type 'NoneType' is not iterable
Exception on /api/consumables/C781565 [DELETE]
Traceback (most recent call last):
  File "C:\Python312\Lib\site-packages\flask\app.py", line 880, in full_dispatch_request
    rv = self.dispatch_request()
         ^^^^^^^^^^^^^^^^^^^^^^^
  File "C:\Python312\Lib\site-packages\flask\app.py", line 854, in dispatch_request
    self.raise_routing_exception(req)
  File "C:\Python312\Lib\site-packages\flask\app.py", line 463, in raise_routing_exception
    raise request.routing_exception  # type: ignore[misc]
    ^^^^^^^^^^^^^^^^^^^^^^^^^^^^^^^
  File "C:\Python312\Lib\site-packages\flask\ctx.py", line 362, in match_request
    result = self.url_adapter.match(return_rule=True)  # type: ignore
             ^^^^^^^^^^^^^^^^^^^^^^^^^^^^^^^^^^^^^^^^
  File "C:\Python312\Lib\site-packages\werkzeug\routing\map.py", line 629, in match
    raise NotFound() from None
werkzeug.exceptions.NotFound: 404 Not Found: The requested URL was not found on the server. If you entered the URL manually please check your spelling and try again.

During handling of the above exception, another exception occurred:

Traceback (most recent call last):
  File "C:\Python312\Lib\site-packages\flask\app.py", line 1473, in wsgi_app
    response = self.full_dispatch_request()
               ^^^^^^^^^^^^^^^^^^^^^^^^^^^^
  File "C:\Python312\Lib\site-packages\flask\app.py", line 882, in full_dispatch_request
    rv = self.handle_user_exception(e)
         ^^^^^^^^^^^^^^^^^^^^^^^^^^^^^
  File "C:\Python312\Lib\site-packages\flask\app.py", line 765, in handle_user_exception
    return self.handle_http_exception(e)
           ^^^^^^^^^^^^^^^^^^^^^^^^^^^^^
  File "C:\Python312\Lib\site-packages\flask\app.py", line 740, in handle_http_exception
    return self.ensure_sync(handler)(e)  # type: ignore[no-any-return]
           ^^^^^^^^^^^^^^^^^^^^^^^^^^^^
  File "c:\Users\wosch\Documents\GitHub\scan\Scandy\app\__init__.py", line 150, in not_found_error
    return render_template('error.html',
           ^^^^^^^^^^^^^^^^^^^^^^^^^^^^^
  File "C:\Python312\Lib\site-packages\flask\templating.py", line 150, in render_template
    return _render(app, template, context)
           ^^^^^^^^^^^^^^^^^^^^^^^^^^^^^^^
  File "C:\Python312\Lib\site-packages\flask\templating.py", line 131, in _render
    rv = template.render(context)
         ^^^^^^^^^^^^^^^^^^^^^^^^
  File "C:\Python312\Lib\site-packages\jinja2\environment.py", line 1304, in render
    self.environment.handle_exception()
  File "C:\Python312\Lib\site-packages\jinja2\environment.py", line 939, in handle_exception
    raise rewrite_traceback_stack(source=source)
  File "c:\Users\wosch\Documents\GitHub\scan\Scandy\app\templates\error.html", line 1, in top-level template code
    {% extends "base.html" %}
  File "c:\Users\wosch\Documents\GitHub\scan\Scandy\app\templates\base.html", line 108, in top-level template code
    class="btn btn-ghost min-h-[3rem] flex items-center {% if 'admin.dashboard' in request.endpoint %}btn-active{% endif %}">
    ^^^^^^^^^^^^^^^^^^^^^^^^^
TypeError: argument of type 'NoneType' is not iterable
Exception on /api/consumables/C781565 [DELETE]
Traceback (most recent call last):
  File "C:\Python312\Lib\site-packages\flask\app.py", line 880, in full_dispatch_request
    rv = self.dispatch_request()
         ^^^^^^^^^^^^^^^^^^^^^^^
  File "C:\Python312\Lib\site-packages\flask\app.py", line 854, in dispatch_request
    self.raise_routing_exception(req)
  File "C:\Python312\Lib\site-packages\flask\app.py", line 463, in raise_routing_exception
    raise request.routing_exception  # type: ignore[misc]
    ^^^^^^^^^^^^^^^^^^^^^^^^^^^^^^^
  File "C:\Python312\Lib\site-packages\flask\ctx.py", line 362, in match_request
    result = self.url_adapter.match(return_rule=True)  # type: ignore
             ^^^^^^^^^^^^^^^^^^^^^^^^^^^^^^^^^^^^^^^^
  File "C:\Python312\Lib\site-packages\werkzeug\routing\map.py", line 629, in match
    raise NotFound() from None
werkzeug.exceptions.NotFound: 404 Not Found: The requested URL was not found on the server. If you entered the URL manually please check your spelling and try again.

During handling of the above exception, another exception occurred:

Traceback (most recent call last):
  File "C:\Python312\Lib\site-packages\flask\app.py", line 1473, in wsgi_app
    response = self.full_dispatch_request()
               ^^^^^^^^^^^^^^^^^^^^^^^^^^^^
  File "C:\Python312\Lib\site-packages\flask\app.py", line 882, in full_dispatch_request
    rv = self.handle_user_exception(e)
         ^^^^^^^^^^^^^^^^^^^^^^^^^^^^^
  File "C:\Python312\Lib\site-packages\flask\app.py", line 765, in handle_user_exception
    return self.handle_http_exception(e)
           ^^^^^^^^^^^^^^^^^^^^^^^^^^^^^
  File "C:\Python312\Lib\site-packages\flask\app.py", line 740, in handle_http_exception
    return self.ensure_sync(handler)(e)  # type: ignore[no-any-return]
           ^^^^^^^^^^^^^^^^^^^^^^^^^^^^
  File "c:\Users\wosch\Documents\GitHub\scan\Scandy\app\__init__.py", line 150, in not_found_error
    return render_template('error.html',
           ^^^^^^^^^^^^^^^^^^^^^^^^^^^^^
  File "C:\Python312\Lib\site-packages\flask\templating.py", line 150, in render_template
    return _render(app, template, context)
           ^^^^^^^^^^^^^^^^^^^^^^^^^^^^^^^
  File "C:\Python312\Lib\site-packages\flask\templating.py", line 131, in _render
    rv = template.render(context)
         ^^^^^^^^^^^^^^^^^^^^^^^^
  File "C:\Python312\Lib\site-packages\jinja2\environment.py", line 1304, in render
    self.environment.handle_exception()
  File "C:\Python312\Lib\site-packages\jinja2\environment.py", line 939, in handle_exception
    raise rewrite_traceback_stack(source=source)
  File "c:\Users\wosch\Documents\GitHub\scan\Scandy\app\templates\error.html", line 1, in top-level template code
    {% extends "base.html" %}
  File "c:\Users\wosch\Documents\GitHub\scan\Scandy\app\templates\base.html", line 108, in top-level template code
    class="btn btn-ghost min-h-[3rem] flex items-center {% if 'admin.dashboard' in request.endpoint %}btn-active{% endif %}">
    ^^^^^^^^^^^^^^^^^^^^^^^^^
TypeError: argument of type 'NoneType' is not iterable
Exception on /consumables/ [GET]
Traceback (most recent call last):
  File "C:\Python312\Lib\site-packages\flask\app.py", line 880, in full_dispatch_request
    rv = self.dispatch_request()
         ^^^^^^^^^^^^^^^^^^^^^^^
  File "C:\Python312\Lib\site-packages\flask\app.py", line 854, in dispatch_request
    self.raise_routing_exception(req)
  File "C:\Python312\Lib\site-packages\flask\app.py", line 463, in raise_routing_exception
    raise request.routing_exception  # type: ignore[misc]
    ^^^^^^^^^^^^^^^^^^^^^^^^^^^^^^^
  File "C:\Python312\Lib\site-packages\flask\ctx.py", line 362, in match_request
    result = self.url_adapter.match(return_rule=True)  # type: ignore
             ^^^^^^^^^^^^^^^^^^^^^^^^^^^^^^^^^^^^^^^^
  File "C:\Python312\Lib\site-packages\werkzeug\routing\map.py", line 629, in match
    raise NotFound() from None
werkzeug.exceptions.NotFound: 404 Not Found: The requested URL was not found on the server. If you entered the URL manually please check your spelling and try again.

During handling of the above exception, another exception occurred:

Traceback (most recent call last):
  File "C:\Python312\Lib\site-packages\flask\app.py", line 1473, in wsgi_app
    response = self.full_dispatch_request()
               ^^^^^^^^^^^^^^^^^^^^^^^^^^^^
  File "C:\Python312\Lib\site-packages\flask\app.py", line 882, in full_dispatch_request
    rv = self.handle_user_exception(e)
         ^^^^^^^^^^^^^^^^^^^^^^^^^^^^^
  File "C:\Python312\Lib\site-packages\flask\app.py", line 765, in handle_user_exception
    return self.handle_http_exception(e)
           ^^^^^^^^^^^^^^^^^^^^^^^^^^^^^
  File "C:\Python312\Lib\site-packages\flask\app.py", line 740, in handle_http_exception
    return self.ensure_sync(handler)(e)  # type: ignore[no-any-return]
           ^^^^^^^^^^^^^^^^^^^^^^^^^^^^
  File "c:\Users\wosch\Documents\GitHub\scan\Scandy\app\__init__.py", line 150, in not_found_error
    return render_template('error.html',
           ^^^^^^^^^^^^^^^^^^^^^^^^^^^^^
  File "C:\Python312\Lib\site-packages\flask\templating.py", line 150, in render_template
    return _render(app, template, context)
           ^^^^^^^^^^^^^^^^^^^^^^^^^^^^^^^
  File "C:\Python312\Lib\site-packages\flask\templating.py", line 131, in _render
    rv = template.render(context)
         ^^^^^^^^^^^^^^^^^^^^^^^^
  File "C:\Python312\Lib\site-packages\jinja2\environment.py", line 1304, in render
    self.environment.handle_exception()
  File "C:\Python312\Lib\site-packages\jinja2\environment.py", line 939, in handle_exception
    raise rewrite_traceback_stack(source=source)
  File "c:\Users\wosch\Documents\GitHub\scan\Scandy\app\templates\error.html", line 1, in top-level template code
    {% extends "base.html" %}
  File "c:\Users\wosch\Documents\GitHub\scan\Scandy\app\templates\base.html", line 108, in top-level template code
    class="btn btn-ghost min-h-[3rem] flex items-center {% if 'admin.dashboard' in request.endpoint %}btn-active{% endif %}">
    ^^^^^^^^^^^^^^^^^^^^^^^^^
TypeError: argument of type 'NoneType' is not iterable
Exception on /api/consumables/C781565 [DELETE]
Traceback (most recent call last):
  File "C:\Python312\Lib\site-packages\flask\app.py", line 880, in full_dispatch_request
    rv = self.dispatch_request()
         ^^^^^^^^^^^^^^^^^^^^^^^
  File "C:\Python312\Lib\site-packages\flask\app.py", line 854, in dispatch_request
    self.raise_routing_exception(req)
  File "C:\Python312\Lib\site-packages\flask\app.py", line 463, in raise_routing_exception
    raise request.routing_exception  # type: ignore[misc]
    ^^^^^^^^^^^^^^^^^^^^^^^^^^^^^^^
  File "C:\Python312\Lib\site-packages\flask\ctx.py", line 362, in match_request
    result = self.url_adapter.match(return_rule=True)  # type: ignore
             ^^^^^^^^^^^^^^^^^^^^^^^^^^^^^^^^^^^^^^^^
  File "C:\Python312\Lib\site-packages\werkzeug\routing\map.py", line 629, in match
    raise NotFound() from None
werkzeug.exceptions.NotFound: 404 Not Found: The requested URL was not found on the server. If you entered the URL manually please check your spelling and try again.

During handling of the above exception, another exception occurred:

Traceback (most recent call last):
  File "C:\Python312\Lib\site-packages\flask\app.py", line 1473, in wsgi_app
    response = self.full_dispatch_request()
               ^^^^^^^^^^^^^^^^^^^^^^^^^^^^
  File "C:\Python312\Lib\site-packages\flask\app.py", line 882, in full_dispatch_request
    rv = self.handle_user_exception(e)
         ^^^^^^^^^^^^^^^^^^^^^^^^^^^^^
  File "C:\Python312\Lib\site-packages\flask\app.py", line 765, in handle_user_exception
    return self.handle_http_exception(e)
           ^^^^^^^^^^^^^^^^^^^^^^^^^^^^^
  File "C:\Python312\Lib\site-packages\flask\app.py", line 740, in handle_http_exception
    return self.ensure_sync(handler)(e)  # type: ignore[no-any-return]
           ^^^^^^^^^^^^^^^^^^^^^^^^^^^^
  File "c:\Users\wosch\Documents\GitHub\scan\Scandy\app\__init__.py", line 150, in not_found_error
    return render_template('error.html',
           ^^^^^^^^^^^^^^^^^^^^^^^^^^^^^
  File "C:\Python312\Lib\site-packages\flask\templating.py", line 150, in render_template
    return _render(app, template, context)
           ^^^^^^^^^^^^^^^^^^^^^^^^^^^^^^^
  File "C:\Python312\Lib\site-packages\flask\templating.py", line 131, in _render
    rv = template.render(context)
         ^^^^^^^^^^^^^^^^^^^^^^^^
  File "C:\Python312\Lib\site-packages\jinja2\environment.py", line 1304, in render
    self.environment.handle_exception()
  File "C:\Python312\Lib\site-packages\jinja2\environment.py", line 939, in handle_exception
    raise rewrite_traceback_stack(source=source)
  File "c:\Users\wosch\Documents\GitHub\scan\Scandy\app\templates\error.html", line 1, in top-level template code
    {% extends "base.html" %}
  File "c:\Users\wosch\Documents\GitHub\scan\Scandy\app\templates\base.html", line 108, in top-level template code
    class="btn btn-ghost min-h-[3rem] flex items-center {% if 'admin.dashboard' in request.endpoint %}btn-active{% endif %}">
    ^^^^^^^^^^^^^^^^^^^^^^^^^
TypeError: argument of type 'NoneType' is not iterable
Exception on /api/consumables/C781565 [DELETE]
Traceback (most recent call last):
  File "C:\Python312\Lib\site-packages\flask\app.py", line 880, in full_dispatch_request
    rv = self.dispatch_request()
         ^^^^^^^^^^^^^^^^^^^^^^^
  File "C:\Python312\Lib\site-packages\flask\app.py", line 854, in dispatch_request
    self.raise_routing_exception(req)
  File "C:\Python312\Lib\site-packages\flask\app.py", line 463, in raise_routing_exception
    raise request.routing_exception  # type: ignore[misc]
    ^^^^^^^^^^^^^^^^^^^^^^^^^^^^^^^
  File "C:\Python312\Lib\site-packages\flask\ctx.py", line 362, in match_request
    result = self.url_adapter.match(return_rule=True)  # type: ignore
             ^^^^^^^^^^^^^^^^^^^^^^^^^^^^^^^^^^^^^^^^
  File "C:\Python312\Lib\site-packages\werkzeug\routing\map.py", line 629, in match
    raise NotFound() from None
werkzeug.exceptions.NotFound: 404 Not Found: The requested URL was not found on the server. If you entered the URL manually please check your spelling and try again.

During handling of the above exception, another exception occurred:

Traceback (most recent call last):
  File "C:\Python312\Lib\site-packages\flask\app.py", line 1473, in wsgi_app
    response = self.full_dispatch_request()
               ^^^^^^^^^^^^^^^^^^^^^^^^^^^^
  File "C:\Python312\Lib\site-packages\flask\app.py", line 882, in full_dispatch_request
    rv = self.handle_user_exception(e)
         ^^^^^^^^^^^^^^^^^^^^^^^^^^^^^
  File "C:\Python312\Lib\site-packages\flask\app.py", line 765, in handle_user_exception
    return self.handle_http_exception(e)
           ^^^^^^^^^^^^^^^^^^^^^^^^^^^^^
  File "C:\Python312\Lib\site-packages\flask\app.py", line 740, in handle_http_exception
    return self.ensure_sync(handler)(e)  # type: ignore[no-any-return]
           ^^^^^^^^^^^^^^^^^^^^^^^^^^^^
  File "c:\Users\wosch\Documents\GitHub\scan\Scandy\app\__init__.py", line 150, in not_found_error
    return render_template('error.html',
           ^^^^^^^^^^^^^^^^^^^^^^^^^^^^^
  File "C:\Python312\Lib\site-packages\flask\templating.py", line 150, in render_template
    return _render(app, template, context)
           ^^^^^^^^^^^^^^^^^^^^^^^^^^^^^^^
  File "C:\Python312\Lib\site-packages\flask\templating.py", line 131, in _render
    rv = template.render(context)
         ^^^^^^^^^^^^^^^^^^^^^^^^
  File "C:\Python312\Lib\site-packages\jinja2\environment.py", line 1304, in render
    self.environment.handle_exception()
  File "C:\Python312\Lib\site-packages\jinja2\environment.py", line 939, in handle_exception
    raise rewrite_traceback_stack(source=source)
  File "c:\Users\wosch\Documents\GitHub\scan\Scandy\app\templates\error.html", line 1, in top-level template code
    {% extends "base.html" %}
  File "c:\Users\wosch\Documents\GitHub\scan\Scandy\app\templates\base.html", line 108, in top-level template code
    class="btn btn-ghost min-h-[3rem] flex items-center {% if 'admin.dashboard' in request.endpoint %}btn-active{% endif %}">
    ^^^^^^^^^^^^^^^^^^^^^^^^^
TypeError: argument of type 'NoneType' is not iterable
Exception on /api/consumables/C492165 [DELETE]
Traceback (most recent call last):
  File "C:\Python312\Lib\site-packages\flask\app.py", line 880, in full_dispatch_request
    rv = self.dispatch_request()
         ^^^^^^^^^^^^^^^^^^^^^^^
  File "C:\Python312\Lib\site-packages\flask\app.py", line 854, in dispatch_request
    self.raise_routing_exception(req)
  File "C:\Python312\Lib\site-packages\flask\app.py", line 463, in raise_routing_exception
    raise request.routing_exception  # type: ignore[misc]
    ^^^^^^^^^^^^^^^^^^^^^^^^^^^^^^^
  File "C:\Python312\Lib\site-packages\flask\ctx.py", line 362, in match_request
    result = self.url_adapter.match(return_rule=True)  # type: ignore
             ^^^^^^^^^^^^^^^^^^^^^^^^^^^^^^^^^^^^^^^^
  File "C:\Python312\Lib\site-packages\werkzeug\routing\map.py", line 629, in match
    raise NotFound() from None
werkzeug.exceptions.NotFound: 404 Not Found: The requested URL was not found on the server. If you entered the URL manually please check your spelling and try again.

During handling of the above exception, another exception occurred:

Traceback (most recent call last):
  File "C:\Python312\Lib\site-packages\flask\app.py", line 1473, in wsgi_app
    response = self.full_dispatch_request()
               ^^^^^^^^^^^^^^^^^^^^^^^^^^^^
  File "C:\Python312\Lib\site-packages\flask\app.py", line 882, in full_dispatch_request
    rv = self.handle_user_exception(e)
         ^^^^^^^^^^^^^^^^^^^^^^^^^^^^^
  File "C:\Python312\Lib\site-packages\flask\app.py", line 765, in handle_user_exception
    return self.handle_http_exception(e)
           ^^^^^^^^^^^^^^^^^^^^^^^^^^^^^
  File "C:\Python312\Lib\site-packages\flask\app.py", line 740, in handle_http_exception
    return self.ensure_sync(handler)(e)  # type: ignore[no-any-return]
           ^^^^^^^^^^^^^^^^^^^^^^^^^^^^
  File "c:\Users\wosch\Documents\GitHub\scan\Scandy\app\__init__.py", line 150, in not_found_error
    return render_template('error.html',
           ^^^^^^^^^^^^^^^^^^^^^^^^^^^^^
  File "C:\Python312\Lib\site-packages\flask\templating.py", line 150, in render_template
    return _render(app, template, context)
           ^^^^^^^^^^^^^^^^^^^^^^^^^^^^^^^
  File "C:\Python312\Lib\site-packages\flask\templating.py", line 131, in _render
    rv = template.render(context)
         ^^^^^^^^^^^^^^^^^^^^^^^^
  File "C:\Python312\Lib\site-packages\jinja2\environment.py", line 1304, in render
    self.environment.handle_exception()
  File "C:\Python312\Lib\site-packages\jinja2\environment.py", line 939, in handle_exception
    raise rewrite_traceback_stack(source=source)
  File "c:\Users\wosch\Documents\GitHub\scan\Scandy\app\templates\error.html", line 1, in top-level template code
    {% extends "base.html" %}
  File "c:\Users\wosch\Documents\GitHub\scan\Scandy\app\templates\base.html", line 108, in top-level template code
    class="btn btn-ghost min-h-[3rem] flex items-center {% if 'admin.dashboard' in request.endpoint %}btn-active{% endif %}">
    ^^^^^^^^^^^^^^^^^^^^^^^^^
TypeError: argument of type 'NoneType' is not iterable
Unerwarteter Fehler in dashboard: Unexpected end of template. Jinja was looking for the following tags: 'endblock'. The innermost block that needs to be closed is 'block'.
Unerwarteter Fehler in dashboard: Unexpected end of template. Jinja was looking for the following tags: 'endblock'. The innermost block that needs to be closed is 'block'.
Exception on /favicon.ico [GET]
Traceback (most recent call last):
  File "C:\Python312\Lib\site-packages\flask\app.py", line 880, in full_dispatch_request
    rv = self.dispatch_request()
         ^^^^^^^^^^^^^^^^^^^^^^^
  File "C:\Python312\Lib\site-packages\flask\app.py", line 854, in dispatch_request
    self.raise_routing_exception(req)
  File "C:\Python312\Lib\site-packages\flask\app.py", line 463, in raise_routing_exception
    raise request.routing_exception  # type: ignore[misc]
    ^^^^^^^^^^^^^^^^^^^^^^^^^^^^^^^
  File "C:\Python312\Lib\site-packages\flask\ctx.py", line 362, in match_request
    result = self.url_adapter.match(return_rule=True)  # type: ignore
             ^^^^^^^^^^^^^^^^^^^^^^^^^^^^^^^^^^^^^^^^
  File "C:\Python312\Lib\site-packages\werkzeug\routing\map.py", line 629, in match
    raise NotFound() from None
werkzeug.exceptions.NotFound: 404 Not Found: The requested URL was not found on the server. If you entered the URL manually please check your spelling and try again.

During handling of the above exception, another exception occurred:

Traceback (most recent call last):
  File "C:\Python312\Lib\site-packages\flask\app.py", line 1473, in wsgi_app
    response = self.full_dispatch_request()
               ^^^^^^^^^^^^^^^^^^^^^^^^^^^^
  File "C:\Python312\Lib\site-packages\flask\app.py", line 882, in full_dispatch_request
    rv = self.handle_user_exception(e)
         ^^^^^^^^^^^^^^^^^^^^^^^^^^^^^
  File "C:\Python312\Lib\site-packages\flask\app.py", line 765, in handle_user_exception
    return self.handle_http_exception(e)
           ^^^^^^^^^^^^^^^^^^^^^^^^^^^^^
  File "C:\Python312\Lib\site-packages\flask\app.py", line 740, in handle_http_exception
    return self.ensure_sync(handler)(e)  # type: ignore[no-any-return]
           ^^^^^^^^^^^^^^^^^^^^^^^^^^^^
  File "c:\Users\wosch\Documents\GitHub\scan\Scandy\app\__init__.py", line 150, in not_found_error
    return render_template('error.html',
           ^^^^^^^^^^^^^^^^^^^^^^^^^^^^^
  File "C:\Python312\Lib\site-packages\flask\templating.py", line 150, in render_template
    return _render(app, template, context)
           ^^^^^^^^^^^^^^^^^^^^^^^^^^^^^^^
  File "C:\Python312\Lib\site-packages\flask\templating.py", line 131, in _render
    rv = template.render(context)
         ^^^^^^^^^^^^^^^^^^^^^^^^
  File "C:\Python312\Lib\site-packages\jinja2\environment.py", line 1304, in render
    self.environment.handle_exception()
  File "C:\Python312\Lib\site-packages\jinja2\environment.py", line 939, in handle_exception
    raise rewrite_traceback_stack(source=source)
  File "c:\Users\wosch\Documents\GitHub\scan\Scandy\app\templates\error.html", line 1, in top-level template code
    {% extends "base.html" %}
  File "c:\Users\wosch\Documents\GitHub\scan\Scandy\app\templates\base.html", line 108, in top-level template code
    class="btn btn-ghost min-h-[3rem] flex items-center {% if 'admin.dashboard' in request.endpoint %}btn-active{% endif %}">
    ^^^^^^^^^^^^^^^^^^^^^^^^^
TypeError: argument of type 'NoneType' is not iterable
Exception on /favicon.ico [GET]
Traceback (most recent call last):
  File "C:\Python312\Lib\site-packages\flask\app.py", line 880, in full_dispatch_request
    rv = self.dispatch_request()
         ^^^^^^^^^^^^^^^^^^^^^^^
  File "C:\Python312\Lib\site-packages\flask\app.py", line 854, in dispatch_request
    self.raise_routing_exception(req)
  File "C:\Python312\Lib\site-packages\flask\app.py", line 463, in raise_routing_exception
    raise request.routing_exception  # type: ignore[misc]
    ^^^^^^^^^^^^^^^^^^^^^^^^^^^^^^^
  File "C:\Python312\Lib\site-packages\flask\ctx.py", line 362, in match_request
    result = self.url_adapter.match(return_rule=True)  # type: ignore
             ^^^^^^^^^^^^^^^^^^^^^^^^^^^^^^^^^^^^^^^^
  File "C:\Python312\Lib\site-packages\werkzeug\routing\map.py", line 629, in match
    raise NotFound() from None
werkzeug.exceptions.NotFound: 404 Not Found: The requested URL was not found on the server. If you entered the URL manually please check your spelling and try again.

During handling of the above exception, another exception occurred:

Traceback (most recent call last):
  File "C:\Python312\Lib\site-packages\flask\app.py", line 1473, in wsgi_app
    response = self.full_dispatch_request()
               ^^^^^^^^^^^^^^^^^^^^^^^^^^^^
  File "C:\Python312\Lib\site-packages\flask\app.py", line 882, in full_dispatch_request
    rv = self.handle_user_exception(e)
         ^^^^^^^^^^^^^^^^^^^^^^^^^^^^^
  File "C:\Python312\Lib\site-packages\flask\app.py", line 765, in handle_user_exception
    return self.handle_http_exception(e)
           ^^^^^^^^^^^^^^^^^^^^^^^^^^^^^
  File "C:\Python312\Lib\site-packages\flask\app.py", line 740, in handle_http_exception
    return self.ensure_sync(handler)(e)  # type: ignore[no-any-return]
           ^^^^^^^^^^^^^^^^^^^^^^^^^^^^
  File "c:\Users\wosch\Documents\GitHub\scan\Scandy\app\__init__.py", line 150, in not_found_error
    return render_template('error.html',
           ^^^^^^^^^^^^^^^^^^^^^^^^^^^^^
  File "C:\Python312\Lib\site-packages\flask\templating.py", line 150, in render_template
    return _render(app, template, context)
           ^^^^^^^^^^^^^^^^^^^^^^^^^^^^^^^
  File "C:\Python312\Lib\site-packages\flask\templating.py", line 131, in _render
    rv = template.render(context)
         ^^^^^^^^^^^^^^^^^^^^^^^^
  File "C:\Python312\Lib\site-packages\jinja2\environment.py", line 1304, in render
    self.environment.handle_exception()
  File "C:\Python312\Lib\site-packages\jinja2\environment.py", line 939, in handle_exception
    raise rewrite_traceback_stack(source=source)
  File "c:\Users\wosch\Documents\GitHub\scan\Scandy\app\templates\error.html", line 1, in top-level template code
    {% extends "base.html" %}
  File "c:\Users\wosch\Documents\GitHub\scan\Scandy\app\templates\base.html", line 108, in top-level template code
    class="btn btn-ghost min-h-[3rem] flex items-center {% if 'admin.dashboard' in request.endpoint %}btn-active{% endif %}">
    ^^^^^^^^^^^^^^^^^^^^^^^^^
TypeError: argument of type 'NoneType' is not iterable
Exception on /admin_panel [GET]
Traceback (most recent call last):
  File "/Users/woschj/Downloads/technik/scandy/venv/lib/python3.11/site-packages/flask/app.py", line 880, in full_dispatch_request
    rv = self.dispatch_request()
         ^^^^^^^^^^^^^^^^^^^^^^^
  File "/Users/woschj/Downloads/technik/scandy/venv/lib/python3.11/site-packages/flask/app.py", line 854, in dispatch_request
    self.raise_routing_exception(req)
  File "/Users/woschj/Downloads/technik/scandy/venv/lib/python3.11/site-packages/flask/app.py", line 463, in raise_routing_exception
    raise request.routing_exception  # type: ignore[misc]
    ^^^^^^^^^^^^^^^^^^^^^^^^^^^^^^^
  File "/Users/woschj/Downloads/technik/scandy/venv/lib/python3.11/site-packages/flask/ctx.py", line 362, in match_request
    result = self.url_adapter.match(return_rule=True)  # type: ignore
             ^^^^^^^^^^^^^^^^^^^^^^^^^^^^^^^^^^^^^^^^
  File "/Users/woschj/Downloads/technik/scandy/venv/lib/python3.11/site-packages/werkzeug/routing/map.py", line 629, in match
    raise NotFound() from None
werkzeug.exceptions.NotFound: 404 Not Found: The requested URL was not found on the server. If you entered the URL manually please check your spelling and try again.

During handling of the above exception, another exception occurred:

Traceback (most recent call last):
  File "/Users/woschj/Downloads/technik/scandy/venv/lib/python3.11/site-packages/flask/app.py", line 1473, in wsgi_app
    response = self.full_dispatch_request()
               ^^^^^^^^^^^^^^^^^^^^^^^^^^^^
  File "/Users/woschj/Downloads/technik/scandy/venv/lib/python3.11/site-packages/flask/app.py", line 882, in full_dispatch_request
    rv = self.handle_user_exception(e)
         ^^^^^^^^^^^^^^^^^^^^^^^^^^^^^
  File "/Users/woschj/Downloads/technik/scandy/venv/lib/python3.11/site-packages/flask/app.py", line 765, in handle_user_exception
    return self.handle_http_exception(e)
           ^^^^^^^^^^^^^^^^^^^^^^^^^^^^^
  File "/Users/woschj/Downloads/technik/scandy/venv/lib/python3.11/site-packages/flask/app.py", line 740, in handle_http_exception
    return self.ensure_sync(handler)(e)  # type: ignore[no-any-return]
           ^^^^^^^^^^^^^^^^^^^^^^^^^^^^
  File "/Users/woschj/Downloads/technik/scandy/app/__init__.py", line 150, in not_found_error
    return render_template('error.html',
           ^^^^^^^^^^^^^^^^^^^^^^^^^^^^^
  File "/Users/woschj/Downloads/technik/scandy/venv/lib/python3.11/site-packages/flask/templating.py", line 150, in render_template
    return _render(app, template, context)
           ^^^^^^^^^^^^^^^^^^^^^^^^^^^^^^^
  File "/Users/woschj/Downloads/technik/scandy/venv/lib/python3.11/site-packages/flask/templating.py", line 131, in _render
    rv = template.render(context)
         ^^^^^^^^^^^^^^^^^^^^^^^^
  File "/Users/woschj/Downloads/technik/scandy/venv/lib/python3.11/site-packages/jinja2/environment.py", line 1304, in render
    self.environment.handle_exception()
  File "/Users/woschj/Downloads/technik/scandy/venv/lib/python3.11/site-packages/jinja2/environment.py", line 939, in handle_exception
    raise rewrite_traceback_stack(source=source)
  File "/Users/woschj/Downloads/technik/scandy/app/templates/error.html", line 1, in top-level template code
    {% extends "base.html" %}
  File "/Users/woschj/Downloads/technik/scandy/app/templates/base.html", line 358, in top-level template code
    class="btn btn-ghost min-h-[3rem] flex items-center {% if 'tools' in request.endpoint %}btn-active{% endif %}">
    ^^^^^^^^^^^^^^^^^^^^^^^^^
TypeError: argument of type 'NoneType' is not iterable
Exception on /favicon.ico [GET]
Traceback (most recent call last):
  File "/Users/woschj/Downloads/technik/scandy/venv/lib/python3.11/site-packages/flask/app.py", line 880, in full_dispatch_request
    rv = self.dispatch_request()
         ^^^^^^^^^^^^^^^^^^^^^^^
  File "/Users/woschj/Downloads/technik/scandy/venv/lib/python3.11/site-packages/flask/app.py", line 854, in dispatch_request
    self.raise_routing_exception(req)
  File "/Users/woschj/Downloads/technik/scandy/venv/lib/python3.11/site-packages/flask/app.py", line 463, in raise_routing_exception
    raise request.routing_exception  # type: ignore[misc]
    ^^^^^^^^^^^^^^^^^^^^^^^^^^^^^^^
  File "/Users/woschj/Downloads/technik/scandy/venv/lib/python3.11/site-packages/flask/ctx.py", line 362, in match_request
    result = self.url_adapter.match(return_rule=True)  # type: ignore
             ^^^^^^^^^^^^^^^^^^^^^^^^^^^^^^^^^^^^^^^^
  File "/Users/woschj/Downloads/technik/scandy/venv/lib/python3.11/site-packages/werkzeug/routing/map.py", line 629, in match
    raise NotFound() from None
werkzeug.exceptions.NotFound: 404 Not Found: The requested URL was not found on the server. If you entered the URL manually please check your spelling and try again.

During handling of the above exception, another exception occurred:

Traceback (most recent call last):
  File "/Users/woschj/Downloads/technik/scandy/venv/lib/python3.11/site-packages/flask/app.py", line 1473, in wsgi_app
    response = self.full_dispatch_request()
               ^^^^^^^^^^^^^^^^^^^^^^^^^^^^
  File "/Users/woschj/Downloads/technik/scandy/venv/lib/python3.11/site-packages/flask/app.py", line 882, in full_dispatch_request
    rv = self.handle_user_exception(e)
         ^^^^^^^^^^^^^^^^^^^^^^^^^^^^^
  File "/Users/woschj/Downloads/technik/scandy/venv/lib/python3.11/site-packages/flask/app.py", line 765, in handle_user_exception
    return self.handle_http_exception(e)
           ^^^^^^^^^^^^^^^^^^^^^^^^^^^^^
  File "/Users/woschj/Downloads/technik/scandy/venv/lib/python3.11/site-packages/flask/app.py", line 740, in handle_http_exception
    return self.ensure_sync(handler)(e)  # type: ignore[no-any-return]
           ^^^^^^^^^^^^^^^^^^^^^^^^^^^^
  File "/Users/woschj/Downloads/technik/scandy/app/__init__.py", line 150, in not_found_error
    return render_template('error.html',
           ^^^^^^^^^^^^^^^^^^^^^^^^^^^^^
  File "/Users/woschj/Downloads/technik/scandy/venv/lib/python3.11/site-packages/flask/templating.py", line 150, in render_template
    return _render(app, template, context)
           ^^^^^^^^^^^^^^^^^^^^^^^^^^^^^^^
  File "/Users/woschj/Downloads/technik/scandy/venv/lib/python3.11/site-packages/flask/templating.py", line 131, in _render
    rv = template.render(context)
         ^^^^^^^^^^^^^^^^^^^^^^^^
  File "/Users/woschj/Downloads/technik/scandy/venv/lib/python3.11/site-packages/jinja2/environment.py", line 1304, in render
    self.environment.handle_exception()
  File "/Users/woschj/Downloads/technik/scandy/venv/lib/python3.11/site-packages/jinja2/environment.py", line 939, in handle_exception
    raise rewrite_traceback_stack(source=source)
  File "/Users/woschj/Downloads/technik/scandy/app/templates/error.html", line 1, in top-level template code
    {% extends "base.html" %}
  File "/Users/woschj/Downloads/technik/scandy/app/templates/base.html", line 358, in top-level template code
    class="btn btn-ghost min-h-[3rem] flex items-center {% if 'tools' in request.endpoint %}btn-active{% endif %}">
    ^^^^^^^^^^^^^^^^^^^^^^^^^
TypeError: argument of type 'NoneType' is not iterable
Exception on /apple-touch-icon-precomposed.png [GET]
Traceback (most recent call last):
  File "/Users/woschj/Downloads/technik/scandy/venv/lib/python3.11/site-packages/flask/app.py", line 880, in full_dispatch_request
    rv = self.dispatch_request()
         ^^^^^^^^^^^^^^^^^^^^^^^
  File "/Users/woschj/Downloads/technik/scandy/venv/lib/python3.11/site-packages/flask/app.py", line 854, in dispatch_request
    self.raise_routing_exception(req)
  File "/Users/woschj/Downloads/technik/scandy/venv/lib/python3.11/site-packages/flask/app.py", line 463, in raise_routing_exception
    raise request.routing_exception  # type: ignore[misc]
    ^^^^^^^^^^^^^^^^^^^^^^^^^^^^^^^
  File "/Users/woschj/Downloads/technik/scandy/venv/lib/python3.11/site-packages/flask/ctx.py", line 362, in match_request
    result = self.url_adapter.match(return_rule=True)  # type: ignore
             ^^^^^^^^^^^^^^^^^^^^^^^^^^^^^^^^^^^^^^^^
  File "/Users/woschj/Downloads/technik/scandy/venv/lib/python3.11/site-packages/werkzeug/routing/map.py", line 629, in match
    raise NotFound() from None
werkzeug.exceptions.NotFound: 404 Not Found: The requested URL was not found on the server. If you entered the URL manually please check your spelling and try again.

During handling of the above exception, another exception occurred:

Traceback (most recent call last):
  File "/Users/woschj/Downloads/technik/scandy/venv/lib/python3.11/site-packages/flask/app.py", line 1473, in wsgi_app
    response = self.full_dispatch_request()
               ^^^^^^^^^^^^^^^^^^^^^^^^^^^^
  File "/Users/woschj/Downloads/technik/scandy/venv/lib/python3.11/site-packages/flask/app.py", line 882, in full_dispatch_request
    rv = self.handle_user_exception(e)
         ^^^^^^^^^^^^^^^^^^^^^^^^^^^^^
  File "/Users/woschj/Downloads/technik/scandy/venv/lib/python3.11/site-packages/flask/app.py", line 765, in handle_user_exception
    return self.handle_http_exception(e)
           ^^^^^^^^^^^^^^^^^^^^^^^^^^^^^
  File "/Users/woschj/Downloads/technik/scandy/venv/lib/python3.11/site-packages/flask/app.py", line 740, in handle_http_exception
    return self.ensure_sync(handler)(e)  # type: ignore[no-any-return]
           ^^^^^^^^^^^^^^^^^^^^^^^^^^^^
  File "/Users/woschj/Downloads/technik/scandy/app/__init__.py", line 150, in not_found_error
    return render_template('error.html',
           ^^^^^^^^^^^^^^^^^^^^^^^^^^^^^
  File "/Users/woschj/Downloads/technik/scandy/venv/lib/python3.11/site-packages/flask/templating.py", line 150, in render_template
    return _render(app, template, context)
           ^^^^^^^^^^^^^^^^^^^^^^^^^^^^^^^
  File "/Users/woschj/Downloads/technik/scandy/venv/lib/python3.11/site-packages/flask/templating.py", line 131, in _render
    rv = template.render(context)
         ^^^^^^^^^^^^^^^^^^^^^^^^
  File "/Users/woschj/Downloads/technik/scandy/venv/lib/python3.11/site-packages/jinja2/environment.py", line 1304, in render
    self.environment.handle_exception()
  File "/Users/woschj/Downloads/technik/scandy/venv/lib/python3.11/site-packages/jinja2/environment.py", line 939, in handle_exception
    raise rewrite_traceback_stack(source=source)
  File "/Users/woschj/Downloads/technik/scandy/app/templates/error.html", line 1, in top-level template code
    {% extends "base.html" %}
  File "/Users/woschj/Downloads/technik/scandy/app/templates/base.html", line 358, in top-level template code
    class="btn btn-ghost min-h-[3rem] flex items-center {% if 'tools' in request.endpoint %}btn-active{% endif %}">
    ^^^^^^^^^^^^^^^^^^^^^^^^^
TypeError: argument of type 'NoneType' is not iterable
Exception on /apple-touch-icon.png [GET]
Traceback (most recent call last):
  File "/Users/woschj/Downloads/technik/scandy/venv/lib/python3.11/site-packages/flask/app.py", line 880, in full_dispatch_request
    rv = self.dispatch_request()
         ^^^^^^^^^^^^^^^^^^^^^^^
  File "/Users/woschj/Downloads/technik/scandy/venv/lib/python3.11/site-packages/flask/app.py", line 854, in dispatch_request
    self.raise_routing_exception(req)
  File "/Users/woschj/Downloads/technik/scandy/venv/lib/python3.11/site-packages/flask/app.py", line 463, in raise_routing_exception
    raise request.routing_exception  # type: ignore[misc]
    ^^^^^^^^^^^^^^^^^^^^^^^^^^^^^^^
  File "/Users/woschj/Downloads/technik/scandy/venv/lib/python3.11/site-packages/flask/ctx.py", line 362, in match_request
    result = self.url_adapter.match(return_rule=True)  # type: ignore
             ^^^^^^^^^^^^^^^^^^^^^^^^^^^^^^^^^^^^^^^^
  File "/Users/woschj/Downloads/technik/scandy/venv/lib/python3.11/site-packages/werkzeug/routing/map.py", line 629, in match
    raise NotFound() from None
werkzeug.exceptions.NotFound: 404 Not Found: The requested URL was not found on the server. If you entered the URL manually please check your spelling and try again.

During handling of the above exception, another exception occurred:

Traceback (most recent call last):
  File "/Users/woschj/Downloads/technik/scandy/venv/lib/python3.11/site-packages/flask/app.py", line 1473, in wsgi_app
    response = self.full_dispatch_request()
               ^^^^^^^^^^^^^^^^^^^^^^^^^^^^
  File "/Users/woschj/Downloads/technik/scandy/venv/lib/python3.11/site-packages/flask/app.py", line 882, in full_dispatch_request
    rv = self.handle_user_exception(e)
         ^^^^^^^^^^^^^^^^^^^^^^^^^^^^^
  File "/Users/woschj/Downloads/technik/scandy/venv/lib/python3.11/site-packages/flask/app.py", line 765, in handle_user_exception
    return self.handle_http_exception(e)
           ^^^^^^^^^^^^^^^^^^^^^^^^^^^^^
  File "/Users/woschj/Downloads/technik/scandy/venv/lib/python3.11/site-packages/flask/app.py", line 740, in handle_http_exception
    return self.ensure_sync(handler)(e)  # type: ignore[no-any-return]
           ^^^^^^^^^^^^^^^^^^^^^^^^^^^^
  File "/Users/woschj/Downloads/technik/scandy/app/__init__.py", line 150, in not_found_error
    return render_template('error.html',
           ^^^^^^^^^^^^^^^^^^^^^^^^^^^^^
  File "/Users/woschj/Downloads/technik/scandy/venv/lib/python3.11/site-packages/flask/templating.py", line 150, in render_template
    return _render(app, template, context)
           ^^^^^^^^^^^^^^^^^^^^^^^^^^^^^^^
  File "/Users/woschj/Downloads/technik/scandy/venv/lib/python3.11/site-packages/flask/templating.py", line 131, in _render
    rv = template.render(context)
         ^^^^^^^^^^^^^^^^^^^^^^^^
  File "/Users/woschj/Downloads/technik/scandy/venv/lib/python3.11/site-packages/jinja2/environment.py", line 1304, in render
    self.environment.handle_exception()
  File "/Users/woschj/Downloads/technik/scandy/venv/lib/python3.11/site-packages/jinja2/environment.py", line 939, in handle_exception
    raise rewrite_traceback_stack(source=source)
  File "/Users/woschj/Downloads/technik/scandy/app/templates/error.html", line 1, in top-level template code
    {% extends "base.html" %}
  File "/Users/woschj/Downloads/technik/scandy/app/templates/base.html", line 358, in top-level template code
    class="btn btn-ghost min-h-[3rem] flex items-center {% if 'tools' in request.endpoint %}btn-active{% endif %}">
    ^^^^^^^^^^^^^^^^^^^^^^^^^
TypeError: argument of type 'NoneType' is not iterable
Exception on /apple-touch-icon-precomposed.png [GET]
Traceback (most recent call last):
  File "/Users/woschj/Downloads/technik/scandy/venv/lib/python3.11/site-packages/flask/app.py", line 880, in full_dispatch_request
    rv = self.dispatch_request()
         ^^^^^^^^^^^^^^^^^^^^^^^
  File "/Users/woschj/Downloads/technik/scandy/venv/lib/python3.11/site-packages/flask/app.py", line 854, in dispatch_request
    self.raise_routing_exception(req)
  File "/Users/woschj/Downloads/technik/scandy/venv/lib/python3.11/site-packages/flask/app.py", line 463, in raise_routing_exception
    raise request.routing_exception  # type: ignore[misc]
    ^^^^^^^^^^^^^^^^^^^^^^^^^^^^^^^
  File "/Users/woschj/Downloads/technik/scandy/venv/lib/python3.11/site-packages/flask/ctx.py", line 362, in match_request
    result = self.url_adapter.match(return_rule=True)  # type: ignore
             ^^^^^^^^^^^^^^^^^^^^^^^^^^^^^^^^^^^^^^^^
  File "/Users/woschj/Downloads/technik/scandy/venv/lib/python3.11/site-packages/werkzeug/routing/map.py", line 629, in match
    raise NotFound() from None
werkzeug.exceptions.NotFound: 404 Not Found: The requested URL was not found on the server. If you entered the URL manually please check your spelling and try again.

During handling of the above exception, another exception occurred:

Traceback (most recent call last):
  File "/Users/woschj/Downloads/technik/scandy/venv/lib/python3.11/site-packages/flask/app.py", line 1473, in wsgi_app
    response = self.full_dispatch_request()
               ^^^^^^^^^^^^^^^^^^^^^^^^^^^^
  File "/Users/woschj/Downloads/technik/scandy/venv/lib/python3.11/site-packages/flask/app.py", line 882, in full_dispatch_request
    rv = self.handle_user_exception(e)
         ^^^^^^^^^^^^^^^^^^^^^^^^^^^^^
  File "/Users/woschj/Downloads/technik/scandy/venv/lib/python3.11/site-packages/flask/app.py", line 765, in handle_user_exception
    return self.handle_http_exception(e)
           ^^^^^^^^^^^^^^^^^^^^^^^^^^^^^
  File "/Users/woschj/Downloads/technik/scandy/venv/lib/python3.11/site-packages/flask/app.py", line 740, in handle_http_exception
    return self.ensure_sync(handler)(e)  # type: ignore[no-any-return]
           ^^^^^^^^^^^^^^^^^^^^^^^^^^^^
  File "/Users/woschj/Downloads/technik/scandy/app/__init__.py", line 150, in not_found_error
    return render_template('error.html',
           ^^^^^^^^^^^^^^^^^^^^^^^^^^^^^
  File "/Users/woschj/Downloads/technik/scandy/venv/lib/python3.11/site-packages/flask/templating.py", line 150, in render_template
    return _render(app, template, context)
           ^^^^^^^^^^^^^^^^^^^^^^^^^^^^^^^
  File "/Users/woschj/Downloads/technik/scandy/venv/lib/python3.11/site-packages/flask/templating.py", line 131, in _render
    rv = template.render(context)
         ^^^^^^^^^^^^^^^^^^^^^^^^
  File "/Users/woschj/Downloads/technik/scandy/venv/lib/python3.11/site-packages/jinja2/environment.py", line 1304, in render
    self.environment.handle_exception()
  File "/Users/woschj/Downloads/technik/scandy/venv/lib/python3.11/site-packages/jinja2/environment.py", line 939, in handle_exception
    raise rewrite_traceback_stack(source=source)
  File "/Users/woschj/Downloads/technik/scandy/app/templates/error.html", line 1, in top-level template code
    {% extends "base.html" %}
  File "/Users/woschj/Downloads/technik/scandy/app/templates/base.html", line 358, in top-level template code
    class="btn btn-ghost min-h-[3rem] flex items-center {% if 'tools' in request.endpoint %}btn-active{% endif %}">
    ^^^^^^^^^^^^^^^^^^^^^^^^^
TypeError: argument of type 'NoneType' is not iterable
Exception on /favicon.ico [GET]
Traceback (most recent call last):
  File "/Users/woschj/Downloads/technik/scandy/venv/lib/python3.11/site-packages/flask/app.py", line 880, in full_dispatch_request
    rv = self.dispatch_request()
         ^^^^^^^^^^^^^^^^^^^^^^^
  File "/Users/woschj/Downloads/technik/scandy/venv/lib/python3.11/site-packages/flask/app.py", line 854, in dispatch_request
    self.raise_routing_exception(req)
  File "/Users/woschj/Downloads/technik/scandy/venv/lib/python3.11/site-packages/flask/app.py", line 463, in raise_routing_exception
    raise request.routing_exception  # type: ignore[misc]
    ^^^^^^^^^^^^^^^^^^^^^^^^^^^^^^^
  File "/Users/woschj/Downloads/technik/scandy/venv/lib/python3.11/site-packages/flask/ctx.py", line 362, in match_request
    result = self.url_adapter.match(return_rule=True)  # type: ignore
             ^^^^^^^^^^^^^^^^^^^^^^^^^^^^^^^^^^^^^^^^
  File "/Users/woschj/Downloads/technik/scandy/venv/lib/python3.11/site-packages/werkzeug/routing/map.py", line 629, in match
    raise NotFound() from None
werkzeug.exceptions.NotFound: 404 Not Found: The requested URL was not found on the server. If you entered the URL manually please check your spelling and try again.

During handling of the above exception, another exception occurred:

Traceback (most recent call last):
  File "/Users/woschj/Downloads/technik/scandy/venv/lib/python3.11/site-packages/flask/app.py", line 1473, in wsgi_app
    response = self.full_dispatch_request()
               ^^^^^^^^^^^^^^^^^^^^^^^^^^^^
  File "/Users/woschj/Downloads/technik/scandy/venv/lib/python3.11/site-packages/flask/app.py", line 882, in full_dispatch_request
    rv = self.handle_user_exception(e)
         ^^^^^^^^^^^^^^^^^^^^^^^^^^^^^
  File "/Users/woschj/Downloads/technik/scandy/venv/lib/python3.11/site-packages/flask/app.py", line 765, in handle_user_exception
    return self.handle_http_exception(e)
           ^^^^^^^^^^^^^^^^^^^^^^^^^^^^^
  File "/Users/woschj/Downloads/technik/scandy/venv/lib/python3.11/site-packages/flask/app.py", line 740, in handle_http_exception
    return self.ensure_sync(handler)(e)  # type: ignore[no-any-return]
           ^^^^^^^^^^^^^^^^^^^^^^^^^^^^
  File "/Users/woschj/Downloads/technik/scandy/app/__init__.py", line 150, in not_found_error
    return render_template('error.html',
           ^^^^^^^^^^^^^^^^^^^^^^^^^^^^^
  File "/Users/woschj/Downloads/technik/scandy/venv/lib/python3.11/site-packages/flask/templating.py", line 150, in render_template
    return _render(app, template, context)
           ^^^^^^^^^^^^^^^^^^^^^^^^^^^^^^^
  File "/Users/woschj/Downloads/technik/scandy/venv/lib/python3.11/site-packages/flask/templating.py", line 131, in _render
    rv = template.render(context)
         ^^^^^^^^^^^^^^^^^^^^^^^^
  File "/Users/woschj/Downloads/technik/scandy/venv/lib/python3.11/site-packages/jinja2/environment.py", line 1304, in render
    self.environment.handle_exception()
  File "/Users/woschj/Downloads/technik/scandy/venv/lib/python3.11/site-packages/jinja2/environment.py", line 939, in handle_exception
    raise rewrite_traceback_stack(source=source)
  File "/Users/woschj/Downloads/technik/scandy/app/templates/error.html", line 1, in top-level template code
    {% extends "base.html" %}
  File "/Users/woschj/Downloads/technik/scandy/app/templates/base.html", line 358, in top-level template code
    class="btn btn-ghost min-h-[3rem] flex items-center {% if 'tools' in request.endpoint %}btn-active{% endif %}">
    ^^^^^^^^^^^^^^^^^^^^^^^^^
TypeError: argument of type 'NoneType' is not iterable
Exception on /apple-touch-icon.png [GET]
Traceback (most recent call last):
  File "/Users/woschj/Downloads/technik/scandy/venv/lib/python3.11/site-packages/flask/app.py", line 880, in full_dispatch_request
    rv = self.dispatch_request()
         ^^^^^^^^^^^^^^^^^^^^^^^
  File "/Users/woschj/Downloads/technik/scandy/venv/lib/python3.11/site-packages/flask/app.py", line 854, in dispatch_request
    self.raise_routing_exception(req)
  File "/Users/woschj/Downloads/technik/scandy/venv/lib/python3.11/site-packages/flask/app.py", line 463, in raise_routing_exception
    raise request.routing_exception  # type: ignore[misc]
    ^^^^^^^^^^^^^^^^^^^^^^^^^^^^^^^
  File "/Users/woschj/Downloads/technik/scandy/venv/lib/python3.11/site-packages/flask/ctx.py", line 362, in match_request
    result = self.url_adapter.match(return_rule=True)  # type: ignore
             ^^^^^^^^^^^^^^^^^^^^^^^^^^^^^^^^^^^^^^^^
  File "/Users/woschj/Downloads/technik/scandy/venv/lib/python3.11/site-packages/werkzeug/routing/map.py", line 629, in match
    raise NotFound() from None
werkzeug.exceptions.NotFound: 404 Not Found: The requested URL was not found on the server. If you entered the URL manually please check your spelling and try again.

During handling of the above exception, another exception occurred:

Traceback (most recent call last):
  File "/Users/woschj/Downloads/technik/scandy/venv/lib/python3.11/site-packages/flask/app.py", line 1473, in wsgi_app
    response = self.full_dispatch_request()
               ^^^^^^^^^^^^^^^^^^^^^^^^^^^^
  File "/Users/woschj/Downloads/technik/scandy/venv/lib/python3.11/site-packages/flask/app.py", line 882, in full_dispatch_request
    rv = self.handle_user_exception(e)
         ^^^^^^^^^^^^^^^^^^^^^^^^^^^^^
  File "/Users/woschj/Downloads/technik/scandy/venv/lib/python3.11/site-packages/flask/app.py", line 765, in handle_user_exception
    return self.handle_http_exception(e)
           ^^^^^^^^^^^^^^^^^^^^^^^^^^^^^
  File "/Users/woschj/Downloads/technik/scandy/venv/lib/python3.11/site-packages/flask/app.py", line 740, in handle_http_exception
    return self.ensure_sync(handler)(e)  # type: ignore[no-any-return]
           ^^^^^^^^^^^^^^^^^^^^^^^^^^^^
  File "/Users/woschj/Downloads/technik/scandy/app/__init__.py", line 150, in not_found_error
    return render_template('error.html',
           ^^^^^^^^^^^^^^^^^^^^^^^^^^^^^
  File "/Users/woschj/Downloads/technik/scandy/venv/lib/python3.11/site-packages/flask/templating.py", line 150, in render_template
    return _render(app, template, context)
           ^^^^^^^^^^^^^^^^^^^^^^^^^^^^^^^
  File "/Users/woschj/Downloads/technik/scandy/venv/lib/python3.11/site-packages/flask/templating.py", line 131, in _render
    rv = template.render(context)
         ^^^^^^^^^^^^^^^^^^^^^^^^
  File "/Users/woschj/Downloads/technik/scandy/venv/lib/python3.11/site-packages/jinja2/environment.py", line 1304, in render
    self.environment.handle_exception()
  File "/Users/woschj/Downloads/technik/scandy/venv/lib/python3.11/site-packages/jinja2/environment.py", line 939, in handle_exception
    raise rewrite_traceback_stack(source=source)
  File "/Users/woschj/Downloads/technik/scandy/app/templates/error.html", line 1, in top-level template code
    {% extends "base.html" %}
  File "/Users/woschj/Downloads/technik/scandy/app/templates/base.html", line 358, in top-level template code
    class="btn btn-ghost min-h-[3rem] flex items-center {% if 'tools' in request.endpoint %}btn-active{% endif %}">
    ^^^^^^^^^^^^^^^^^^^^^^^^^
TypeError: argument of type 'NoneType' is not iterable
Unbehandelter Fehler: [Errno 32] Broken pipe
Error in process_lending: no such table: consumable_usage
Traceback (most recent call last):
  File "/Users/woschj/Downloads/technik/scandy/app/routes/admin.py", line 599, in process_lending
    cursor.execute("""
sqlite3.OperationalError: no such table: consumable_usage
Error in process_lending: no such table: consumable_usage
Traceback (most recent call last):
  File "/Users/woschj/Downloads/technik/scandy/app/routes/admin.py", line 599, in process_lending
    cursor.execute("""
sqlite3.OperationalError: no such table: consumable_usage
Error in process_lending: no such table: consumable_usage
Traceback (most recent call last):
  File "/Users/woschj/Downloads/technik/scandy/app/routes/admin.py", line 599, in process_lending
    cursor.execute("""
sqlite3.OperationalError: no such table: consumable_usage
Error in process_lending: no such table: consumable_usage
Traceback (most recent call last):
  File "/Users/woschj/Downloads/technik/scandy/app/routes/admin.py", line 599, in process_lending
    cursor.execute("""
sqlite3.OperationalError: no such table: consumable_usage
Unbehandelter Fehler: no such table: tools
Unbehandelter Fehler: no such table: tools
Unbehandelter Fehler: Datenbankfehler: no such table: consumables
Unbehandelter Fehler: Datenbankfehler: no such table: workers
Unbehandelter Fehler: no such table: tools
Unbehandelter Fehler: no such table: tools
Unbehandelter Fehler: no such table: tools
Unbehandelter Fehler: no such table: tools
Unbehandelter Fehler: Datenbankfehler: no such table: consumables
Unbehandelter Fehler: Datenbankfehler: no such table: workers
Error in manual_lending route: no such table: tools
Traceback (most recent call last):
  File "/Users/woschj/Downloads/technik/scandy/app/routes/admin.py", line 382, in manual_lending
    cursor.execute(tools_query)
sqlite3.OperationalError: no such table: tools
Unbehandelter Fehler: [Errno 32] Broken pipe
Datenbankfehler in get_stats: no such table: tools
Datenbankfehler in dashboard: no such table: lendings
Error in manual_lending route: no such table: tools
Traceback (most recent call last):
  File "/Users/woschj/Downloads/technik/scandy/app/routes/admin.py", line 382, in manual_lending
    cursor.execute(tools_query)
sqlite3.OperationalError: no such table: tools
Datenbankfehler in get_stats: no such table: tools
Datenbankfehler in dashboard: no such table: lendings
Error in manual_lending route: no such table: tools
Traceback (most recent call last):
  File "/Users/woschj/Downloads/technik/scandy/app/routes/admin.py", line 382, in manual_lending
    cursor.execute(tools_query)
sqlite3.OperationalError: no such table: tools
Unbehandelter Fehler: no such table: tools
Unbehandelter Fehler: no such table: tools
Unbehandelter Fehler: no such table: tools
Unbehandelter Fehler: no such table: tools
Unbehandelter Fehler: no such table: tools
Unbehandelter Fehler: [Errno 32] Broken pipe
Datenbankfehler in dashboard: no such table: settings
Datenbankfehler in dashboard: no such table: settings
Datenbankfehler in dashboard: no such table: settings
Datenbankfehler in dashboard: no such table: settings
Datenbankfehler in dashboard: no such table: settings
Unbehandelter Fehler: block 'content' defined twice
Exception on /tools/ [GET]
Traceback (most recent call last):
  File "C:\Users\wosch\Documents\GitHub\scan\Scandy\venv\Lib\site-packages\flask\app.py", line 867, in full_dispatch_request
    rv = self.dispatch_request()
         ^^^^^^^^^^^^^^^^^^^^^^^
  File "C:\Users\wosch\Documents\GitHub\scan\Scandy\venv\Lib\site-packages\flask\app.py", line 852, in dispatch_request
    return self.ensure_sync(self.view_functions[rule.endpoint])(**view_args)
           ^^^^^^^^^^^^^^^^^^^^^^^^^^^^^^^^^^^^^^^^^^^^^^^^^^^^^^^^^^^^^^^^^
  File "C:\Users\wosch\Documents\GitHub\scan\Scandy\app\routes\tools.py", line 37, in index
    return render_template('tools.html', tools=tools)
           ^^^^^^^^^^^^^^^^^^^^^^^^^^^^^^^^^^^^^^^^^^
  File "C:\Users\wosch\Documents\GitHub\scan\Scandy\venv\Lib\site-packages\flask\templating.py", line 152, in render_template
    return _render(app, template, context)
           ^^^^^^^^^^^^^^^^^^^^^^^^^^^^^^^
  File "C:\Users\wosch\Documents\GitHub\scan\Scandy\venv\Lib\site-packages\flask\templating.py", line 133, in _render
    rv = template.render(context)
         ^^^^^^^^^^^^^^^^^^^^^^^^
  File "C:\Users\wosch\Documents\GitHub\scan\Scandy\venv\Lib\site-packages\jinja2\environment.py", line 1304, in render
    self.environment.handle_exception()
  File "C:\Users\wosch\Documents\GitHub\scan\Scandy\venv\Lib\site-packages\jinja2\environment.py", line 939, in handle_exception
    raise rewrite_traceback_stack(source=source)
  File "C:\Users\wosch\Documents\GitHub\scan\Scandy\app\templates\tools.html", line 1, in top-level template code
    {% extends "base.html" %}
  File "C:\Users\wosch\Documents\GitHub\scan\Scandy\venv\Lib\site-packages\jinja2\environment.py", line 939, in handle_exception
    raise rewrite_traceback_stack(source=source)
  File "C:\Users\wosch\Documents\GitHub\scan\Scandy\app\templates\base.html", line 507, in template
    {% block content %}{% endblock %}
    ^^^^^^^^^^^^^^^^^^^^^^^^^
jinja2.exceptions.TemplateAssertionError: block 'content' defined twice

During handling of the above exception, another exception occurred:

Traceback (most recent call last):
  File "C:\Users\wosch\Documents\GitHub\scan\Scandy\venv\Lib\site-packages\flask\app.py", line 1455, in wsgi_app
    response = self.full_dispatch_request()
               ^^^^^^^^^^^^^^^^^^^^^^^^^^^^
  File "C:\Users\wosch\Documents\GitHub\scan\Scandy\venv\Lib\site-packages\flask\app.py", line 869, in full_dispatch_request
    rv = self.handle_user_exception(e)
         ^^^^^^^^^^^^^^^^^^^^^^^^^^^^^
  File "C:\Users\wosch\Documents\GitHub\scan\Scandy\venv\Lib\site-packages\flask\app.py", line 759, in handle_user_exception
    return self.ensure_sync(handler)(e)
           ^^^^^^^^^^^^^^^^^^^^^^^^^^^^
  File "C:\Users\wosch\Documents\GitHub\scan\Scandy\app\__init__.py", line 181, in handle_exception
    return render_template('error.html',
           ^^^^^^^^^^^^^^^^^^^^^^^^^^^^^
  File "C:\Users\wosch\Documents\GitHub\scan\Scandy\venv\Lib\site-packages\flask\templating.py", line 152, in render_template
    return _render(app, template, context)
           ^^^^^^^^^^^^^^^^^^^^^^^^^^^^^^^
  File "C:\Users\wosch\Documents\GitHub\scan\Scandy\venv\Lib\site-packages\flask\templating.py", line 133, in _render
    rv = template.render(context)
         ^^^^^^^^^^^^^^^^^^^^^^^^
  File "C:\Users\wosch\Documents\GitHub\scan\Scandy\venv\Lib\site-packages\jinja2\environment.py", line 1304, in render
    self.environment.handle_exception()
  File "C:\Users\wosch\Documents\GitHub\scan\Scandy\venv\Lib\site-packages\jinja2\environment.py", line 939, in handle_exception
    raise rewrite_traceback_stack(source=source)
  File "C:\Users\wosch\Documents\GitHub\scan\Scandy\app\templates\error.html", line 1, in top-level template code
    {% extends "base.html" %}
  File "C:\Users\wosch\Documents\GitHub\scan\Scandy\venv\Lib\site-packages\jinja2\environment.py", line 939, in handle_exception
    raise rewrite_traceback_stack(source=source)
  File "C:\Users\wosch\Documents\GitHub\scan\Scandy\app\templates\base.html", line 507, in template
    {% block content %}{% endblock %}
    ^^^^^^^^^^^^^^^^^^^^^^^^^
jinja2.exceptions.TemplateAssertionError: block 'content' defined twice
Unbehandelter Fehler: name 'url_parse' is not defined
Unbehandelter Fehler: name 'url_parse' is not defined
Unbehandelter Fehler: name 'url_parse' is not defined
Unbehandelter Fehler: name 'url_parse' is not defined
Unbehandelter Fehler: name 'session' is not defined
Exception on / [GET]
Traceback (most recent call last):
  File "C:\Users\wosch\Documents\GitHub\scan\Scandy\venv\Lib\site-packages\flask\app.py", line 865, in full_dispatch_request
    rv = self.preprocess_request()
         ^^^^^^^^^^^^^^^^^^^^^^^^^
  File "C:\Users\wosch\Documents\GitHub\scan\Scandy\venv\Lib\site-packages\flask\app.py", line 1239, in preprocess_request
    rv = self.ensure_sync(before_func)()
         ^^^^^^^^^^^^^^^^^^^^^^^^^^^^^^^
  File "C:\Users\wosch\Documents\GitHub\scan\Scandy\app\__init__.py", line 252, in check_session
    if not session.get('is_admin'):
           ^^^^^^^
NameError: name 'session' is not defined. Did you mean: 'Session'?

During handling of the above exception, another exception occurred:

Traceback (most recent call last):
  File "C:\Users\wosch\Documents\GitHub\scan\Scandy\venv\Lib\site-packages\flask\app.py", line 1455, in wsgi_app
    response = self.full_dispatch_request()
               ^^^^^^^^^^^^^^^^^^^^^^^^^^^^
  File "C:\Users\wosch\Documents\GitHub\scan\Scandy\venv\Lib\site-packages\flask\app.py", line 869, in full_dispatch_request
    rv = self.handle_user_exception(e)
         ^^^^^^^^^^^^^^^^^^^^^^^^^^^^^
  File "C:\Users\wosch\Documents\GitHub\scan\Scandy\venv\Lib\site-packages\flask\app.py", line 759, in handle_user_exception
    return self.ensure_sync(handler)(e)
           ^^^^^^^^^^^^^^^^^^^^^^^^^^^^
  File "C:\Users\wosch\Documents\GitHub\scan\Scandy\app\__init__.py", line 183, in handle_exception
    return render_template('error.html',
           ^^^^^^^^^^^^^^^^^^^^^^^^^^^^^
  File "C:\Users\wosch\Documents\GitHub\scan\Scandy\venv\Lib\site-packages\flask\templating.py", line 152, in render_template
    return _render(app, template, context)
           ^^^^^^^^^^^^^^^^^^^^^^^^^^^^^^^
  File "C:\Users\wosch\Documents\GitHub\scan\Scandy\venv\Lib\site-packages\flask\templating.py", line 129, in _render
    app.update_template_context(context)
  File "C:\Users\wosch\Documents\GitHub\scan\Scandy\venv\Lib\site-packages\flask\app.py", line 480, in update_template_context
    context.update(self.ensure_sync(func)())
                   ^^^^^^^^^^^^^^^^^^^^^^^^
  File "C:\Users\wosch\Documents\GitHub\scan\Scandy\app\__init__.py", line 228, in inject_admin_status
    'is_admin': session.get('is_admin', False),
                ^^^^^^^
NameError: name 'session' is not defined. Did you mean: 'Session'?
Unbehandelter Fehler: name 'session' is not defined
Exception on / [GET]
Traceback (most recent call last):
  File "C:\Users\wosch\Documents\GitHub\scan\Scandy\venv\Lib\site-packages\flask\app.py", line 865, in full_dispatch_request
    rv = self.preprocess_request()
         ^^^^^^^^^^^^^^^^^^^^^^^^^
  File "C:\Users\wosch\Documents\GitHub\scan\Scandy\venv\Lib\site-packages\flask\app.py", line 1239, in preprocess_request
    rv = self.ensure_sync(before_func)()
         ^^^^^^^^^^^^^^^^^^^^^^^^^^^^^^^
  File "C:\Users\wosch\Documents\GitHub\scan\Scandy\app\__init__.py", line 252, in check_session
    if not session.get('is_admin'):
           ^^^^^^^
NameError: name 'session' is not defined. Did you mean: 'Session'?

During handling of the above exception, another exception occurred:

Traceback (most recent call last):
  File "C:\Users\wosch\Documents\GitHub\scan\Scandy\venv\Lib\site-packages\flask\app.py", line 1455, in wsgi_app
    response = self.full_dispatch_request()
               ^^^^^^^^^^^^^^^^^^^^^^^^^^^^
  File "C:\Users\wosch\Documents\GitHub\scan\Scandy\venv\Lib\site-packages\flask\app.py", line 869, in full_dispatch_request
    rv = self.handle_user_exception(e)
         ^^^^^^^^^^^^^^^^^^^^^^^^^^^^^
  File "C:\Users\wosch\Documents\GitHub\scan\Scandy\venv\Lib\site-packages\flask\app.py", line 759, in handle_user_exception
    return self.ensure_sync(handler)(e)
           ^^^^^^^^^^^^^^^^^^^^^^^^^^^^
  File "C:\Users\wosch\Documents\GitHub\scan\Scandy\app\__init__.py", line 183, in handle_exception
    return render_template('error.html',
           ^^^^^^^^^^^^^^^^^^^^^^^^^^^^^
  File "C:\Users\wosch\Documents\GitHub\scan\Scandy\venv\Lib\site-packages\flask\templating.py", line 152, in render_template
    return _render(app, template, context)
           ^^^^^^^^^^^^^^^^^^^^^^^^^^^^^^^
  File "C:\Users\wosch\Documents\GitHub\scan\Scandy\venv\Lib\site-packages\flask\templating.py", line 129, in _render
    app.update_template_context(context)
  File "C:\Users\wosch\Documents\GitHub\scan\Scandy\venv\Lib\site-packages\flask\app.py", line 480, in update_template_context
    context.update(self.ensure_sync(func)())
                   ^^^^^^^^^^^^^^^^^^^^^^^^
  File "C:\Users\wosch\Documents\GitHub\scan\Scandy\app\__init__.py", line 228, in inject_admin_status
    'is_admin': session.get('is_admin', False),
                ^^^^^^^
NameError: name 'session' is not defined. Did you mean: 'Session'?
Unbehandelter Fehler: name 'get_tools' is not defined
Unbehandelter Fehler: name 'request' is not defined
Unbehandelter Fehler: name 'request' is not defined
Unbehandelter Fehler: name 'request' is not defined
Unbehandelter Fehler: name 'request' is not defined
Unbehandelter Fehler: name 'request' is not defined
Unbehandelter Fehler: name 'request' is not defined
Unbehandelter Fehler: name 'request' is not defined
Unbehandelter Fehler: name 'request' is not defined
Unbehandelter Fehler: name 'request' is not defined
Unbehandelter Fehler: no such table: access_settings
Unbehandelter Fehler: no such table: access_settings
Unbehandelter Fehler: no such table: access_settings
Unbehandelter Fehler: no such table: access_settings
Unbehandelter Fehler: no such table: access_settings
Unbehandelter Fehler: no such table: access_settings
Unbehandelter Fehler: no such table: access_settings
Fehler beim Prfen der Zugriffsrechte: name 'flash' is not defined
Unbehandelter Fehler: no such table: users
Unbehandelter Fehler: no such table: users
Fehler beim Prfen der Zugriffsrechte: name 'flash' is not defined
Fehler beim Prfen der Zugriffsrechte: name 'flash' is not defined
Fehler beim Prfen der Zugriffsrechte: name 'flash' is not defined
Fehler beim Prfen der Zugriffsrechte: name 'flash' is not defined
Fehler beim Prfen der Zugriffsrechte: name 'flash' is not defined
Unbehandelter Fehler: no such table: consumable_usage
Unbehandelter Fehler: 'Config' is undefined
Exception on /auth/login [GET]
Traceback (most recent call last):
  File "C:\Users\wosch\Documents\GitHub\scan\Scandy\venv\Lib\site-packages\flask\app.py", line 867, in full_dispatch_request
    rv = self.dispatch_request()
         ^^^^^^^^^^^^^^^^^^^^^^^
  File "C:\Users\wosch\Documents\GitHub\scan\Scandy\venv\Lib\site-packages\flask\app.py", line 852, in dispatch_request
    return self.ensure_sync(self.view_functions[rule.endpoint])(**view_args)
           ^^^^^^^^^^^^^^^^^^^^^^^^^^^^^^^^^^^^^^^^^^^^^^^^^^^^^^^^^^^^^^^^^
  File "C:\Users\wosch\Documents\GitHub\scan\Scandy\app\routes\auth.py", line 41, in login
    return render_template('auth/login.html')
           ^^^^^^^^^^^^^^^^^^^^^^^^^^^^^^^^^^
  File "C:\Users\wosch\Documents\GitHub\scan\Scandy\venv\Lib\site-packages\flask\templating.py", line 152, in render_template
    return _render(app, template, context)
           ^^^^^^^^^^^^^^^^^^^^^^^^^^^^^^^
  File "C:\Users\wosch\Documents\GitHub\scan\Scandy\venv\Lib\site-packages\flask\templating.py", line 133, in _render
    rv = template.render(context)
         ^^^^^^^^^^^^^^^^^^^^^^^^
  File "C:\Users\wosch\Documents\GitHub\scan\Scandy\venv\Lib\site-packages\jinja2\environment.py", line 1304, in render
    self.environment.handle_exception()
  File "C:\Users\wosch\Documents\GitHub\scan\Scandy\venv\Lib\site-packages\jinja2\environment.py", line 939, in handle_exception
    raise rewrite_traceback_stack(source=source)
  File "C:\Users\wosch\Documents\GitHub\scan\Scandy\app\templates\auth\login.html", line 1, in top-level template code
    {% extends "base.html" %}
  File "C:\Users\wosch\Documents\GitHub\scan\Scandy\app\templates\base.html", line 477, in top-level template code
    {% if Config.SERVER_MODE %}
    ^^^^^^^^^^^^^^^^^^^^^^^^^
  File "C:\Users\wosch\Documents\GitHub\scan\Scandy\venv\Lib\site-packages\jinja2\environment.py", line 487, in getattr
    return getattr(obj, attribute)
           ^^^^^^^^^^^^^^^^^^^^^^^
jinja2.exceptions.UndefinedError: 'Config' is undefined

During handling of the above exception, another exception occurred:

Traceback (most recent call last):
  File "C:\Users\wosch\Documents\GitHub\scan\Scandy\venv\Lib\site-packages\flask\app.py", line 1455, in wsgi_app
    response = self.full_dispatch_request()
               ^^^^^^^^^^^^^^^^^^^^^^^^^^^^
  File "C:\Users\wosch\Documents\GitHub\scan\Scandy\venv\Lib\site-packages\flask\app.py", line 869, in full_dispatch_request
    rv = self.handle_user_exception(e)
         ^^^^^^^^^^^^^^^^^^^^^^^^^^^^^
  File "C:\Users\wosch\Documents\GitHub\scan\Scandy\venv\Lib\site-packages\flask\app.py", line 759, in handle_user_exception
    return self.ensure_sync(handler)(e)
           ^^^^^^^^^^^^^^^^^^^^^^^^^^^^
  File "C:\Users\wosch\Documents\GitHub\scan\Scandy\app\__init__.py", line 154, in handle_exception
    return render_template('error.html',
           ^^^^^^^^^^^^^^^^^^^^^^^^^^^^^
  File "C:\Users\wosch\Documents\GitHub\scan\Scandy\venv\Lib\site-packages\flask\templating.py", line 152, in render_template
    return _render(app, template, context)
           ^^^^^^^^^^^^^^^^^^^^^^^^^^^^^^^
  File "C:\Users\wosch\Documents\GitHub\scan\Scandy\venv\Lib\site-packages\flask\templating.py", line 133, in _render
    rv = template.render(context)
         ^^^^^^^^^^^^^^^^^^^^^^^^
  File "C:\Users\wosch\Documents\GitHub\scan\Scandy\venv\Lib\site-packages\jinja2\environment.py", line 1304, in render
    self.environment.handle_exception()
  File "C:\Users\wosch\Documents\GitHub\scan\Scandy\venv\Lib\site-packages\jinja2\environment.py", line 939, in handle_exception
    raise rewrite_traceback_stack(source=source)
  File "C:\Users\wosch\Documents\GitHub\scan\Scandy\app\templates\error.html", line 1, in top-level template code
    {% extends "base.html" %}
  File "C:\Users\wosch\Documents\GitHub\scan\Scandy\app\templates\base.html", line 477, in top-level template code
    {% if Config.SERVER_MODE %}
    ^^^^^^^^^^^^^^^^^^^^^^^^^
  File "C:\Users\wosch\Documents\GitHub\scan\Scandy\venv\Lib\site-packages\jinja2\environment.py", line 487, in getattr
    return getattr(obj, attribute)
           ^^^^^^^^^^^^^^^^^^^^^^^
jinja2.exceptions.UndefinedError: 'Config' is undefined
Unbehandelter Fehler: 'Config' is undefined
Exception on /auth/login [GET]
Traceback (most recent call last):
  File "C:\Users\wosch\Documents\GitHub\scan\Scandy\venv\Lib\site-packages\flask\app.py", line 867, in full_dispatch_request
    rv = self.dispatch_request()
         ^^^^^^^^^^^^^^^^^^^^^^^
  File "C:\Users\wosch\Documents\GitHub\scan\Scandy\venv\Lib\site-packages\flask\app.py", line 852, in dispatch_request
    return self.ensure_sync(self.view_functions[rule.endpoint])(**view_args)
           ^^^^^^^^^^^^^^^^^^^^^^^^^^^^^^^^^^^^^^^^^^^^^^^^^^^^^^^^^^^^^^^^^
  File "C:\Users\wosch\Documents\GitHub\scan\Scandy\app\routes\auth.py", line 41, in login
    return render_template('auth/login.html')
           ^^^^^^^^^^^^^^^^^^^^^^^^^^^^^^^^^^
  File "C:\Users\wosch\Documents\GitHub\scan\Scandy\venv\Lib\site-packages\flask\templating.py", line 152, in render_template
    return _render(app, template, context)
           ^^^^^^^^^^^^^^^^^^^^^^^^^^^^^^^
  File "C:\Users\wosch\Documents\GitHub\scan\Scandy\venv\Lib\site-packages\flask\templating.py", line 133, in _render
    rv = template.render(context)
         ^^^^^^^^^^^^^^^^^^^^^^^^
  File "C:\Users\wosch\Documents\GitHub\scan\Scandy\venv\Lib\site-packages\jinja2\environment.py", line 1304, in render
    self.environment.handle_exception()
  File "C:\Users\wosch\Documents\GitHub\scan\Scandy\venv\Lib\site-packages\jinja2\environment.py", line 939, in handle_exception
    raise rewrite_traceback_stack(source=source)
  File "C:\Users\wosch\Documents\GitHub\scan\Scandy\app\templates\auth\login.html", line 1, in top-level template code
    {% extends "base.html" %}
  File "C:\Users\wosch\Documents\GitHub\scan\Scandy\app\templates\base.html", line 477, in top-level template code
    {% if Config.SERVER_MODE %}
    ^^^^^^^^^^^^^^^^^^^^^^^^^
  File "C:\Users\wosch\Documents\GitHub\scan\Scandy\venv\Lib\site-packages\jinja2\environment.py", line 487, in getattr
    return getattr(obj, attribute)
           ^^^^^^^^^^^^^^^^^^^^^^^
jinja2.exceptions.UndefinedError: 'Config' is undefined

During handling of the above exception, another exception occurred:

Traceback (most recent call last):
  File "C:\Users\wosch\Documents\GitHub\scan\Scandy\venv\Lib\site-packages\flask\app.py", line 1455, in wsgi_app
    response = self.full_dispatch_request()
               ^^^^^^^^^^^^^^^^^^^^^^^^^^^^
  File "C:\Users\wosch\Documents\GitHub\scan\Scandy\venv\Lib\site-packages\flask\app.py", line 869, in full_dispatch_request
    rv = self.handle_user_exception(e)
         ^^^^^^^^^^^^^^^^^^^^^^^^^^^^^
  File "C:\Users\wosch\Documents\GitHub\scan\Scandy\venv\Lib\site-packages\flask\app.py", line 759, in handle_user_exception
    return self.ensure_sync(handler)(e)
           ^^^^^^^^^^^^^^^^^^^^^^^^^^^^
  File "C:\Users\wosch\Documents\GitHub\scan\Scandy\app\__init__.py", line 154, in handle_exception
    return render_template('error.html',
           ^^^^^^^^^^^^^^^^^^^^^^^^^^^^^
  File "C:\Users\wosch\Documents\GitHub\scan\Scandy\venv\Lib\site-packages\flask\templating.py", line 152, in render_template
    return _render(app, template, context)
           ^^^^^^^^^^^^^^^^^^^^^^^^^^^^^^^
  File "C:\Users\wosch\Documents\GitHub\scan\Scandy\venv\Lib\site-packages\flask\templating.py", line 133, in _render
    rv = template.render(context)
         ^^^^^^^^^^^^^^^^^^^^^^^^
  File "C:\Users\wosch\Documents\GitHub\scan\Scandy\venv\Lib\site-packages\jinja2\environment.py", line 1304, in render
    self.environment.handle_exception()
  File "C:\Users\wosch\Documents\GitHub\scan\Scandy\venv\Lib\site-packages\jinja2\environment.py", line 939, in handle_exception
    raise rewrite_traceback_stack(source=source)
  File "C:\Users\wosch\Documents\GitHub\scan\Scandy\app\templates\error.html", line 1, in top-level template code
    {% extends "base.html" %}
  File "C:\Users\wosch\Documents\GitHub\scan\Scandy\app\templates\base.html", line 477, in top-level template code
    {% if Config.SERVER_MODE %}
    ^^^^^^^^^^^^^^^^^^^^^^^^^
  File "C:\Users\wosch\Documents\GitHub\scan\Scandy\venv\Lib\site-packages\jinja2\environment.py", line 487, in getattr
    return getattr(obj, attribute)
           ^^^^^^^^^^^^^^^^^^^^^^^
jinja2.exceptions.UndefinedError: 'Config' is undefined
Unbehandelter Fehler: 'Config' is undefined
Exception on /auth/login [GET]
Traceback (most recent call last):
  File "C:\Users\wosch\Documents\GitHub\scan\Scandy\venv\Lib\site-packages\flask\app.py", line 867, in full_dispatch_request
    rv = self.dispatch_request()
         ^^^^^^^^^^^^^^^^^^^^^^^
  File "C:\Users\wosch\Documents\GitHub\scan\Scandy\venv\Lib\site-packages\flask\app.py", line 852, in dispatch_request
    return self.ensure_sync(self.view_functions[rule.endpoint])(**view_args)
           ^^^^^^^^^^^^^^^^^^^^^^^^^^^^^^^^^^^^^^^^^^^^^^^^^^^^^^^^^^^^^^^^^
  File "C:\Users\wosch\Documents\GitHub\scan\Scandy\app\routes\auth.py", line 41, in login
    return render_template('auth/login.html')
           ^^^^^^^^^^^^^^^^^^^^^^^^^^^^^^^^^^
  File "C:\Users\wosch\Documents\GitHub\scan\Scandy\venv\Lib\site-packages\flask\templating.py", line 152, in render_template
    return _render(app, template, context)
           ^^^^^^^^^^^^^^^^^^^^^^^^^^^^^^^
  File "C:\Users\wosch\Documents\GitHub\scan\Scandy\venv\Lib\site-packages\flask\templating.py", line 133, in _render
    rv = template.render(context)
         ^^^^^^^^^^^^^^^^^^^^^^^^
  File "C:\Users\wosch\Documents\GitHub\scan\Scandy\venv\Lib\site-packages\jinja2\environment.py", line 1304, in render
    self.environment.handle_exception()
  File "C:\Users\wosch\Documents\GitHub\scan\Scandy\venv\Lib\site-packages\jinja2\environment.py", line 939, in handle_exception
    raise rewrite_traceback_stack(source=source)
  File "C:\Users\wosch\Documents\GitHub\scan\Scandy\app\templates\auth\login.html", line 1, in top-level template code
    {% extends "base.html" %}
  File "C:\Users\wosch\Documents\GitHub\scan\Scandy\app\templates\base.html", line 477, in top-level template code
    {% if Config.SERVER_MODE %}
    ^^^^^^^^^^^^^^^^^^^^^^^^^
  File "C:\Users\wosch\Documents\GitHub\scan\Scandy\venv\Lib\site-packages\jinja2\environment.py", line 487, in getattr
    return getattr(obj, attribute)
           ^^^^^^^^^^^^^^^^^^^^^^^
jinja2.exceptions.UndefinedError: 'Config' is undefined

During handling of the above exception, another exception occurred:

Traceback (most recent call last):
  File "C:\Users\wosch\Documents\GitHub\scan\Scandy\venv\Lib\site-packages\flask\app.py", line 1455, in wsgi_app
    response = self.full_dispatch_request()
               ^^^^^^^^^^^^^^^^^^^^^^^^^^^^
  File "C:\Users\wosch\Documents\GitHub\scan\Scandy\venv\Lib\site-packages\flask\app.py", line 869, in full_dispatch_request
    rv = self.handle_user_exception(e)
         ^^^^^^^^^^^^^^^^^^^^^^^^^^^^^
  File "C:\Users\wosch\Documents\GitHub\scan\Scandy\venv\Lib\site-packages\flask\app.py", line 759, in handle_user_exception
    return self.ensure_sync(handler)(e)
           ^^^^^^^^^^^^^^^^^^^^^^^^^^^^
  File "C:\Users\wosch\Documents\GitHub\scan\Scandy\app\__init__.py", line 154, in handle_exception
    return render_template('error.html',
           ^^^^^^^^^^^^^^^^^^^^^^^^^^^^^
  File "C:\Users\wosch\Documents\GitHub\scan\Scandy\venv\Lib\site-packages\flask\templating.py", line 152, in render_template
    return _render(app, template, context)
           ^^^^^^^^^^^^^^^^^^^^^^^^^^^^^^^
  File "C:\Users\wosch\Documents\GitHub\scan\Scandy\venv\Lib\site-packages\flask\templating.py", line 133, in _render
    rv = template.render(context)
         ^^^^^^^^^^^^^^^^^^^^^^^^
  File "C:\Users\wosch\Documents\GitHub\scan\Scandy\venv\Lib\site-packages\jinja2\environment.py", line 1304, in render
    self.environment.handle_exception()
  File "C:\Users\wosch\Documents\GitHub\scan\Scandy\venv\Lib\site-packages\jinja2\environment.py", line 939, in handle_exception
    raise rewrite_traceback_stack(source=source)
  File "C:\Users\wosch\Documents\GitHub\scan\Scandy\app\templates\error.html", line 1, in top-level template code
    {% extends "base.html" %}
  File "C:\Users\wosch\Documents\GitHub\scan\Scandy\app\templates\base.html", line 477, in top-level template code
    {% if Config.SERVER_MODE %}
    ^^^^^^^^^^^^^^^^^^^^^^^^^
  File "C:\Users\wosch\Documents\GitHub\scan\Scandy\venv\Lib\site-packages\jinja2\environment.py", line 487, in getattr
    return getattr(obj, attribute)
           ^^^^^^^^^^^^^^^^^^^^^^^
jinja2.exceptions.UndefinedError: 'Config' is undefined
Unbehandelter Fehler: 'Config' is undefined
Unbehandelter Fehler: 'Config' is undefined
Unbehandelter Fehler: 'Config' is undefined
Unbehandelter Fehler: 'Config' is undefined
Exception on /tools/ [GET]
Traceback (most recent call last):
  File "C:\Users\wosch\Documents\GitHub\scan\Scandy\venv\Lib\site-packages\flask\app.py", line 867, in full_dispatch_request
    rv = self.dispatch_request()
         ^^^^^^^^^^^^^^^^^^^^^^^
  File "C:\Users\wosch\Documents\GitHub\scan\Scandy\venv\Lib\site-packages\flask\app.py", line 852, in dispatch_request
    return self.ensure_sync(self.view_functions[rule.endpoint])(**view_args)
           ^^^^^^^^^^^^^^^^^^^^^^^^^^^^^^^^^^^^^^^^^^^^^^^^^^^^^^^^^^^^^^^^^
  File "C:\Users\wosch\Documents\GitHub\scan\Scandy\app\routes\tools.py", line 24, in index
    return render_template('tools/index.html',
           ^^^^^^^^^^^^^^^^^^^^^^^^^^^^^^^^^^^
  File "C:\Users\wosch\Documents\GitHub\scan\Scandy\venv\Lib\site-packages\flask\templating.py", line 152, in render_template
    return _render(app, template, context)
           ^^^^^^^^^^^^^^^^^^^^^^^^^^^^^^^
  File "C:\Users\wosch\Documents\GitHub\scan\Scandy\venv\Lib\site-packages\flask\templating.py", line 133, in _render
    rv = template.render(context)
         ^^^^^^^^^^^^^^^^^^^^^^^^
  File "C:\Users\wosch\Documents\GitHub\scan\Scandy\venv\Lib\site-packages\jinja2\environment.py", line 1304, in render
    self.environment.handle_exception()
  File "C:\Users\wosch\Documents\GitHub\scan\Scandy\venv\Lib\site-packages\jinja2\environment.py", line 939, in handle_exception
    raise rewrite_traceback_stack(source=source)
  File "C:\Users\wosch\Documents\GitHub\scan\Scandy\app\templates\tools\index.html", line 1, in top-level template code
    {% extends "shared/list_base.html" %}
    ^^^^^^^^^^^^^^^^^^^^^^^^^
  File "C:\Users\wosch\Documents\GitHub\scan\Scandy\app\templates\shared\list_base.html", line 1, in top-level template code
    {% extends "base.html" %}
  File "C:\Users\wosch\Documents\GitHub\scan\Scandy\app\templates\base.html", line 477, in top-level template code
    {% if Config.SERVER_MODE %}
    ^^^^^^^^^^^^^^^^^^^^^^^^^
  File "C:\Users\wosch\Documents\GitHub\scan\Scandy\venv\Lib\site-packages\jinja2\environment.py", line 487, in getattr
    return getattr(obj, attribute)
           ^^^^^^^^^^^^^^^^^^^^^^^
jinja2.exceptions.UndefinedError: 'Config' is undefined

During handling of the above exception, another exception occurred:

Traceback (most recent call last):
  File "C:\Users\wosch\Documents\GitHub\scan\Scandy\venv\Lib\site-packages\flask\app.py", line 1455, in wsgi_app
    response = self.full_dispatch_request()
               ^^^^^^^^^^^^^^^^^^^^^^^^^^^^
  File "C:\Users\wosch\Documents\GitHub\scan\Scandy\venv\Lib\site-packages\flask\app.py", line 869, in full_dispatch_request
    rv = self.handle_user_exception(e)
         ^^^^^^^^^^^^^^^^^^^^^^^^^^^^^
  File "C:\Users\wosch\Documents\GitHub\scan\Scandy\venv\Lib\site-packages\flask\app.py", line 759, in handle_user_exception
    return self.ensure_sync(handler)(e)
           ^^^^^^^^^^^^^^^^^^^^^^^^^^^^
  File "C:\Users\wosch\Documents\GitHub\scan\Scandy\app\__init__.py", line 154, in handle_exception
    return render_template('error.html',
           ^^^^^^^^^^^^^^^^^^^^^^^^^^^^^
  File "C:\Users\wosch\Documents\GitHub\scan\Scandy\venv\Lib\site-packages\flask\templating.py", line 152, in render_template
    return _render(app, template, context)
           ^^^^^^^^^^^^^^^^^^^^^^^^^^^^^^^
  File "C:\Users\wosch\Documents\GitHub\scan\Scandy\venv\Lib\site-packages\flask\templating.py", line 133, in _render
    rv = template.render(context)
         ^^^^^^^^^^^^^^^^^^^^^^^^
  File "C:\Users\wosch\Documents\GitHub\scan\Scandy\venv\Lib\site-packages\jinja2\environment.py", line 1304, in render
    self.environment.handle_exception()
  File "C:\Users\wosch\Documents\GitHub\scan\Scandy\venv\Lib\site-packages\jinja2\environment.py", line 939, in handle_exception
    raise rewrite_traceback_stack(source=source)
  File "C:\Users\wosch\Documents\GitHub\scan\Scandy\app\templates\error.html", line 1, in top-level template code
    {% extends "base.html" %}
  File "C:\Users\wosch\Documents\GitHub\scan\Scandy\app\templates\base.html", line 477, in top-level template code
    {% if Config.SERVER_MODE %}
    ^^^^^^^^^^^^^^^^^^^^^^^^^
  File "C:\Users\wosch\Documents\GitHub\scan\Scandy\venv\Lib\site-packages\jinja2\environment.py", line 487, in getattr
    return getattr(obj, attribute)
           ^^^^^^^^^^^^^^^^^^^^^^^
jinja2.exceptions.UndefinedError: 'Config' is undefined
Unbehandelter Fehler: 'Config' is undefined
Exception on /auth/login [GET]
Traceback (most recent call last):
  File "C:\Users\wosch\Documents\GitHub\scan\Scandy\venv\Lib\site-packages\flask\app.py", line 867, in full_dispatch_request
    rv = self.dispatch_request()
         ^^^^^^^^^^^^^^^^^^^^^^^
  File "C:\Users\wosch\Documents\GitHub\scan\Scandy\venv\Lib\site-packages\flask\app.py", line 852, in dispatch_request
    return self.ensure_sync(self.view_functions[rule.endpoint])(**view_args)
           ^^^^^^^^^^^^^^^^^^^^^^^^^^^^^^^^^^^^^^^^^^^^^^^^^^^^^^^^^^^^^^^^^
  File "C:\Users\wosch\Documents\GitHub\scan\Scandy\app\routes\auth.py", line 42, in login
    return render_template('auth/login.html')
           ^^^^^^^^^^^^^^^^^^^^^^^^^^^^^^^^^^
  File "C:\Users\wosch\Documents\GitHub\scan\Scandy\venv\Lib\site-packages\flask\templating.py", line 152, in render_template
    return _render(app, template, context)
           ^^^^^^^^^^^^^^^^^^^^^^^^^^^^^^^
  File "C:\Users\wosch\Documents\GitHub\scan\Scandy\venv\Lib\site-packages\flask\templating.py", line 133, in _render
    rv = template.render(context)
         ^^^^^^^^^^^^^^^^^^^^^^^^
  File "C:\Users\wosch\Documents\GitHub\scan\Scandy\venv\Lib\site-packages\jinja2\environment.py", line 1304, in render
    self.environment.handle_exception()
  File "C:\Users\wosch\Documents\GitHub\scan\Scandy\venv\Lib\site-packages\jinja2\environment.py", line 939, in handle_exception
    raise rewrite_traceback_stack(source=source)
  File "C:\Users\wosch\Documents\GitHub\scan\Scandy\app\templates\auth\login.html", line 1, in top-level template code
    {% extends "base.html" %}
  File "C:\Users\wosch\Documents\GitHub\scan\Scandy\app\templates\base.html", line 477, in top-level template code
    {% if Config.SERVER_MODE %}
    ^^^^^^^^^^^^^^^^^^^^^^^^^
  File "C:\Users\wosch\Documents\GitHub\scan\Scandy\venv\Lib\site-packages\jinja2\environment.py", line 487, in getattr
    return getattr(obj, attribute)
           ^^^^^^^^^^^^^^^^^^^^^^^
jinja2.exceptions.UndefinedError: 'Config' is undefined

During handling of the above exception, another exception occurred:

Traceback (most recent call last):
  File "C:\Users\wosch\Documents\GitHub\scan\Scandy\venv\Lib\site-packages\flask\app.py", line 1455, in wsgi_app
    response = self.full_dispatch_request()
               ^^^^^^^^^^^^^^^^^^^^^^^^^^^^
  File "C:\Users\wosch\Documents\GitHub\scan\Scandy\venv\Lib\site-packages\flask\app.py", line 869, in full_dispatch_request
    rv = self.handle_user_exception(e)
         ^^^^^^^^^^^^^^^^^^^^^^^^^^^^^
  File "C:\Users\wosch\Documents\GitHub\scan\Scandy\venv\Lib\site-packages\flask\app.py", line 759, in handle_user_exception
    return self.ensure_sync(handler)(e)
           ^^^^^^^^^^^^^^^^^^^^^^^^^^^^
  File "C:\Users\wosch\Documents\GitHub\scan\Scandy\app\__init__.py", line 154, in handle_exception
    return render_template('error.html',
           ^^^^^^^^^^^^^^^^^^^^^^^^^^^^^
  File "C:\Users\wosch\Documents\GitHub\scan\Scandy\venv\Lib\site-packages\flask\templating.py", line 152, in render_template
    return _render(app, template, context)
           ^^^^^^^^^^^^^^^^^^^^^^^^^^^^^^^
  File "C:\Users\wosch\Documents\GitHub\scan\Scandy\venv\Lib\site-packages\flask\templating.py", line 133, in _render
    rv = template.render(context)
         ^^^^^^^^^^^^^^^^^^^^^^^^
  File "C:\Users\wosch\Documents\GitHub\scan\Scandy\venv\Lib\site-packages\jinja2\environment.py", line 1304, in render
    self.environment.handle_exception()
  File "C:\Users\wosch\Documents\GitHub\scan\Scandy\venv\Lib\site-packages\jinja2\environment.py", line 939, in handle_exception
    raise rewrite_traceback_stack(source=source)
  File "C:\Users\wosch\Documents\GitHub\scan\Scandy\app\templates\error.html", line 1, in top-level template code
    {% extends "base.html" %}
  File "C:\Users\wosch\Documents\GitHub\scan\Scandy\app\templates\base.html", line 477, in top-level template code
    {% if Config.SERVER_MODE %}
    ^^^^^^^^^^^^^^^^^^^^^^^^^
  File "C:\Users\wosch\Documents\GitHub\scan\Scandy\venv\Lib\site-packages\jinja2\environment.py", line 487, in getattr
    return getattr(obj, attribute)
           ^^^^^^^^^^^^^^^^^^^^^^^
jinja2.exceptions.UndefinedError: 'Config' is undefined
Unbehandelter Fehler: 'Config' is undefined
Exception on /tools/ [GET]
Traceback (most recent call last):
  File "C:\Users\wosch\Documents\GitHub\scan\Scandy\venv\Lib\site-packages\flask\app.py", line 867, in full_dispatch_request
    rv = self.dispatch_request()
         ^^^^^^^^^^^^^^^^^^^^^^^
  File "C:\Users\wosch\Documents\GitHub\scan\Scandy\venv\Lib\site-packages\flask\app.py", line 852, in dispatch_request
    return self.ensure_sync(self.view_functions[rule.endpoint])(**view_args)
           ^^^^^^^^^^^^^^^^^^^^^^^^^^^^^^^^^^^^^^^^^^^^^^^^^^^^^^^^^^^^^^^^^
  File "C:\Users\wosch\Documents\GitHub\scan\Scandy\app\routes\tools.py", line 24, in index
    return render_template('tools/index.html',
           ^^^^^^^^^^^^^^^^^^^^^^^^^^^^^^^^^^^
  File "C:\Users\wosch\Documents\GitHub\scan\Scandy\venv\Lib\site-packages\flask\templating.py", line 152, in render_template
    return _render(app, template, context)
           ^^^^^^^^^^^^^^^^^^^^^^^^^^^^^^^
  File "C:\Users\wosch\Documents\GitHub\scan\Scandy\venv\Lib\site-packages\flask\templating.py", line 133, in _render
    rv = template.render(context)
         ^^^^^^^^^^^^^^^^^^^^^^^^
  File "C:\Users\wosch\Documents\GitHub\scan\Scandy\venv\Lib\site-packages\jinja2\environment.py", line 1304, in render
    self.environment.handle_exception()
  File "C:\Users\wosch\Documents\GitHub\scan\Scandy\venv\Lib\site-packages\jinja2\environment.py", line 939, in handle_exception
    raise rewrite_traceback_stack(source=source)
  File "C:\Users\wosch\Documents\GitHub\scan\Scandy\app\templates\tools\index.html", line 1, in top-level template code
    {% extends "shared/list_base.html" %}
    ^^^^^^^^^^^^^^^^^^^^^^^^^
  File "C:\Users\wosch\Documents\GitHub\scan\Scandy\app\templates\shared\list_base.html", line 1, in top-level template code
    {% extends "base.html" %}
  File "C:\Users\wosch\Documents\GitHub\scan\Scandy\app\templates\base.html", line 477, in top-level template code
    {% if Config.SERVER_MODE %}
    ^^^^^^^^^^^^^^^^^^^^^^^^^
  File "C:\Users\wosch\Documents\GitHub\scan\Scandy\venv\Lib\site-packages\jinja2\environment.py", line 487, in getattr
    return getattr(obj, attribute)
           ^^^^^^^^^^^^^^^^^^^^^^^
jinja2.exceptions.UndefinedError: 'Config' is undefined

During handling of the above exception, another exception occurred:

Traceback (most recent call last):
  File "C:\Users\wosch\Documents\GitHub\scan\Scandy\venv\Lib\site-packages\flask\app.py", line 1455, in wsgi_app
    response = self.full_dispatch_request()
               ^^^^^^^^^^^^^^^^^^^^^^^^^^^^
  File "C:\Users\wosch\Documents\GitHub\scan\Scandy\venv\Lib\site-packages\flask\app.py", line 869, in full_dispatch_request
    rv = self.handle_user_exception(e)
         ^^^^^^^^^^^^^^^^^^^^^^^^^^^^^
  File "C:\Users\wosch\Documents\GitHub\scan\Scandy\venv\Lib\site-packages\flask\app.py", line 759, in handle_user_exception
    return self.ensure_sync(handler)(e)
           ^^^^^^^^^^^^^^^^^^^^^^^^^^^^
  File "C:\Users\wosch\Documents\GitHub\scan\Scandy\app\__init__.py", line 154, in handle_exception
    return render_template('error.html',
           ^^^^^^^^^^^^^^^^^^^^^^^^^^^^^
  File "C:\Users\wosch\Documents\GitHub\scan\Scandy\venv\Lib\site-packages\flask\templating.py", line 152, in render_template
    return _render(app, template, context)
           ^^^^^^^^^^^^^^^^^^^^^^^^^^^^^^^
  File "C:\Users\wosch\Documents\GitHub\scan\Scandy\venv\Lib\site-packages\flask\templating.py", line 133, in _render
    rv = template.render(context)
         ^^^^^^^^^^^^^^^^^^^^^^^^
  File "C:\Users\wosch\Documents\GitHub\scan\Scandy\venv\Lib\site-packages\jinja2\environment.py", line 1304, in render
    self.environment.handle_exception()
  File "C:\Users\wosch\Documents\GitHub\scan\Scandy\venv\Lib\site-packages\jinja2\environment.py", line 939, in handle_exception
    raise rewrite_traceback_stack(source=source)
  File "C:\Users\wosch\Documents\GitHub\scan\Scandy\app\templates\error.html", line 1, in top-level template code
    {% extends "base.html" %}
  File "C:\Users\wosch\Documents\GitHub\scan\Scandy\app\templates\base.html", line 477, in top-level template code
    {% if Config.SERVER_MODE %}
    ^^^^^^^^^^^^^^^^^^^^^^^^^
  File "C:\Users\wosch\Documents\GitHub\scan\Scandy\venv\Lib\site-packages\jinja2\environment.py", line 487, in getattr
    return getattr(obj, attribute)
           ^^^^^^^^^^^^^^^^^^^^^^^
jinja2.exceptions.UndefinedError: 'Config' is undefined
Unbehandelter Fehler: no such table: sync_status
Unbehandelter Fehler: no such table: sync_status
Unbehandelter Fehler: no such table: sync_status
Unbehandelter Fehler: no such table: sync_status
Unbehandelter Fehler: no such table: sync_status
Unbehandelter Fehler: no such table: sync_status
Unbehandelter Fehler: no such table: sync_status
Fehler beim Wiederherstellen der Sync-Einstellungen: name 'Config' is not defined
Fehler beim Wiederherstellen der Sync-Einstellungen: name 'Config' is not defined
Fehler beim Wiederherstellen der Sync-Einstellungen: name 'Config' is not defined
Fehler beim Wiederherstellen der Sync-Einstellungen: name 'Config' is not defined
Unbehandelter Fehler: no such table: consumable_usage
Fehler beim Wiederherstellen der Sync-Einstellungen: name 'Config' is not defined
Fehler beim Wiederherstellen der Sync-Einstellungen: name 'Config' is not defined
Fehler beim Wiederherstellen der Sync-Einstellungen: name 'Config' is not defined
Fehler beim Wiederherstellen der Sync-Einstellungen: name 'Config' is not defined
Sync-Fehler: Keine Server-URL konfiguriert
Sync-Fehler: Keine Server-URL konfiguriert
Sync-Fehler: Keine Server-URL konfiguriert
Sync-Fehler: Keine Server-URL konfiguriert
Sync-Fehler: Keine Server-URL konfiguriert
Sync-Fehler: Keine Server-URL konfiguriert
Sync-Fehler: Keine Server-URL konfiguriert
Sync-Fehler: Keine Server-URL konfiguriert
Sync-Fehler: Keine Server-URL konfiguriert
Sync-Fehler: Keine Server-URL konfiguriert
Sync-Fehler: Keine Server-URL konfiguriert
Sync-Fehler: Keine Server-URL konfiguriert
Sync-Fehler: Keine Server-URL konfiguriert
Sync-Fehler: Keine Server-URL konfiguriert
Sync-Fehler: Keine Server-URL konfiguriert
Sync-Fehler: Keine Server-URL konfiguriert
Sync-Fehler: Keine Server-URL konfiguriert
Sync-Fehler: Keine Server-URL konfiguriert
Sync-Fehler: Keine Server-URL konfiguriert
Sync-Fehler: Keine Server-URL konfiguriert
Sync-Fehler: Keine Server-URL konfiguriert
Sync-Fehler: Keine Server-URL konfiguriert
Sync-Fehler: Keine Server-URL konfiguriert
Sync-Fehler: Keine Server-URL konfiguriert
Sync-Fehler: Keine Server-URL konfiguriert
Sync-Fehler: Keine Server-URL konfiguriert
Sync-Fehler: Keine Server-URL konfiguriert
Sync-Fehler: Keine Server-URL konfiguriert
Sync-Fehler: Keine Server-URL konfiguriert
Sync-Fehler: Keine Server-URL konfiguriert
Sync-Fehler: Keine Server-URL konfiguriert
Sync-Fehler: Keine Server-URL konfiguriert
Sync-Fehler: Keine Server-URL konfiguriert
Sync-Fehler: Keine Server-URL konfiguriert
Sync-Fehler: Keine Server-URL konfiguriert
Sync-Fehler: Keine Server-URL konfiguriert
Sync-Fehler: Keine Server-URL konfiguriert
Sync-Fehler: Keine Server-URL konfiguriert
Sync-Fehler: Keine Server-URL konfiguriert
Sync-Fehler: Keine Server-URL konfiguriert
Sync-Fehler: Keine Server-URL konfiguriert
Sync-Fehler: Keine Server-URL konfiguriert
Sync-Fehler: Keine Server-URL konfiguriert
Sync-Fehler: Keine Server-URL konfiguriert
Sync-Fehler: Keine Server-URL konfiguriert
Sync-Fehler: Keine Server-URL konfiguriert
Sync-Fehler: Keine Server-URL konfiguriert
Sync-Fehler: Keine Server-URL konfiguriert
Sync-Fehler: Keine Server-URL konfiguriert
Sync-Fehler: Keine Server-URL konfiguriert
Sync-Fehler: Keine Server-URL konfiguriert
Sync-Fehler: Keine Server-URL konfiguriert
Sync-Fehler: Keine Server-URL konfiguriert
Sync-Fehler: Keine Server-URL konfiguriert
Sync-Fehler: Keine Server-URL konfiguriert
Sync-Fehler: Keine Server-URL konfiguriert
Fehler beim Wiederherstellen der Sync-Einstellungen: name 'Config' is not defined
Fehler beim Wiederherstellen der Sync-Einstellungen: name 'Config' is not defined
Unbehandelter Fehler: tools/add.html
Unbehandelter Fehler: tools/add.html
Fehler beim Wiederherstellen der Sync-Einstellungen: name 'Config' is not defined
Fehler beim Wiederherstellen der Sync-Einstellungen: name 'Config' is not defined
Unbehandelter Fehler: Could not build url for endpoint 'tools.details' with values ['barcode']. Did you mean 'workers.details' instead?
Unbehandelter Fehler: Could not build url for endpoint 'tools.details' with values ['barcode']. Did you mean 'workers.details' instead?
Unbehandelter Fehler: workers/details.html
Fehler beim Wiederherstellen der Sync-Einstellungen: name 'Config' is not defined
Fehler beim Wiederherstellen der Sync-Einstellungen: name 'Config' is not defined
Unbehandelter Fehler: workers/details.html
Unbehandelter Fehler: workers/details.html
Fehler beim Wiederherstellen der Sync-Einstellungen: name 'Config' is not defined
Fehler beim Wiederherstellen der Sync-Einstellungen: name 'Config' is not defined
Fehler beim Wiederherstellen der Sync-Einstellungen: name 'Config' is not defined
Fehler beim Wiederherstellen der Sync-Einstellungen: name 'Config' is not defined
Fehler beim Wiederherstellen der Sync-Einstellungen: name 'Config' is not defined
Fehler beim Wiederherstellen der Sync-Einstellungen: name 'Config' is not defined
Fehler beim Wiederherstellen der Sync-Einstellungen: name 'Config' is not defined
Fehler beim Wiederherstellen der Sync-Einstellungen: name 'Config' is not defined
Fehler beim Wiederherstellen der Sync-Einstellungen: name 'Config' is not defined
Fehler beim Wiederherstellen der Sync-Einstellungen: name 'Config' is not defined
Fehler beim Wiederherstellen der Sync-Einstellungen: name 'Config' is not defined
Fehler beim Wiederherstellen der Sync-Einstellungen: name 'Config' is not defined
Fehler beim Wiederherstellen der Sync-Einstellungen: name 'Config' is not defined
Fehler beim Wiederherstellen der Sync-Einstellungen: name 'Config' is not defined
Fehler beim Wiederherstellen der Sync-Einstellungen: name 'Config' is not defined
Fehler beim Wiederherstellen der Sync-Einstellungen: name 'Config' is not defined
Fehler beim Wiederherstellen der Sync-Einstellungen: name 'Config' is not defined
Fehler beim Wiederherstellen der Sync-Einstellungen: name 'Config' is not defined
Fehler beim Wiederherstellen der Sync-Einstellungen: name 'Config' is not defined
Fehler beim Wiederherstellen der Sync-Einstellungen: name 'Config' is not defined
Fehler beim Wiederherstellen der Sync-Einstellungen: name 'Config' is not defined
Fehler beim Wiederherstellen der Sync-Einstellungen: name 'Config' is not defined
Fehler beim Wiederherstellen der Sync-Einstellungen: name 'Config' is not defined
Fehler beim Wiederherstellen der Sync-Einstellungen: name 'Config' is not defined
Unbehandelter Fehler: 'current_user' is undefined
Fehler beim Wiederherstellen der Sync-Einstellungen: name 'Config' is not defined
Fehler beim Wiederherstellen der Sync-Einstellungen: name 'Config' is not defined
Unbehandelter Fehler: 'current_user' is undefined
Fehler beim Wiederherstellen der Sync-Einstellungen: name 'Config' is not defined
Fehler beim Wiederherstellen der Sync-Einstellungen: name 'Config' is not defined
Unbehandelter Fehler: Could not build url for endpoint 'tools.edit' with values ['barcode']. Did you mean 'tools.add' instead?
Unbehandelter Fehler: Could not build url for endpoint 'tools.edit' with values ['barcode']. Did you mean 'tools.add' instead?
Fehler beim Wiederherstellen der Sync-Einstellungen: name 'Config' is not defined
Fehler beim Wiederherstellen der Sync-Einstellungen: name 'Config' is not defined
Fehler beim Wiederherstellen der Sync-Einstellungen: name 'Config' is not defined
Fehler beim Wiederherstellen der Sync-Einstellungen: name 'Config' is not defined
Fehler beim Wiederherstellen der Sync-Einstellungen: name 'Config' is not defined
Fehler beim Wiederherstellen der Sync-Einstellungen: name 'Config' is not defined
Fehler beim Wiederherstellen der Sync-Einstellungen: name 'Config' is not defined
Fehler beim Wiederherstellen der Sync-Einstellungen: name 'Config' is not defined
Unbehandelter Fehler: 'current_user' is undefined
Fehler beim Wiederherstellen der Sync-Einstellungen: name 'Config' is not defined
Fehler beim Wiederherstellen der Sync-Einstellungen: name 'Config' is not defined
Fehler beim Wiederherstellen der Sync-Einstellungen: name 'Config' is not defined
Fehler beim Wiederherstellen der Sync-Einstellungen: name 'Config' is not defined
Fehler beim Wiederherstellen der Sync-Einstellungen: name 'Config' is not defined
Fehler beim Wiederherstellen der Sync-Einstellungen: name 'Config' is not defined
Fehler beim Wiederherstellen der Sync-Einstellungen: name 'Config' is not defined
Fehler beim Wiederherstellen der Sync-Einstellungen: name 'Config' is not defined
Fehler beim Wiederherstellen der Sync-Einstellungen: name 'Config' is not defined
Fehler beim Wiederherstellen der Sync-Einstellungen: name 'Config' is not defined
Fehler beim Wiederherstellen der Sync-Einstellungen: name 'Config' is not defined
Fehler beim Wiederherstellen der Sync-Einstellungen: name 'Config' is not defined
Fehler beim Wiederherstellen der Sync-Einstellungen: name 'Config' is not defined
Fehler beim Wiederherstellen der Sync-Einstellungen: name 'Config' is not defined
Fehler beim Wiederherstellen der Sync-Einstellungen: name 'Config' is not defined
Fehler beim Wiederherstellen der Sync-Einstellungen: name 'Config' is not defined
Fehler beim Wiederherstellen der Sync-Einstellungen: name 'Config' is not defined
Fehler beim Wiederherstellen der Sync-Einstellungen: name 'Config' is not defined
Fehler beim Wiederherstellen der Sync-Einstellungen: name 'Config' is not defined
Fehler beim Wiederherstellen der Sync-Einstellungen: name 'Config' is not defined
Fehler beim Wiederherstellen der Sync-Einstellungen: name 'Config' is not defined
Fehler beim Wiederherstellen der Sync-Einstellungen: name 'Config' is not defined
Fehler beim Wiederherstellen der Sync-Einstellungen: name 'Config' is not defined
Fehler beim Wiederherstellen der Sync-Einstellungen: name 'Config' is not defined
Fehler beim Wiederherstellen der Sync-Einstellungen: name 'Config' is not defined
Fehler beim Wiederherstellen der Sync-Einstellungen: name 'Config' is not defined
Fehler beim Wiederherstellen der Sync-Einstellungen: name 'Config' is not defined
Fehler beim Wiederherstellen der Sync-Einstellungen: name 'Config' is not defined
Fehler beim Wiederherstellen der Sync-Einstellungen: name 'Config' is not defined
Fehler beim Wiederherstellen der Sync-Einstellungen: name 'Config' is not defined
Fehler beim Wiederherstellen der Sync-Einstellungen: name 'Config' is not defined
Fehler beim Wiederherstellen der Sync-Einstellungen: name 'Config' is not defined
Fehler beim Wiederherstellen der Sync-Einstellungen: name 'Config' is not defined
Fehler beim Wiederherstellen der Sync-Einstellungen: name 'Config' is not defined
Fehler beim Wiederherstellen der Sync-Einstellungen: name 'Config' is not defined
Fehler beim Wiederherstellen der Sync-Einstellungen: name 'Config' is not defined
Fehler beim Wiederherstellen der Sync-Einstellungen: name 'Config' is not defined
Fehler beim Wiederherstellen der Sync-Einstellungen: name 'Config' is not defined
Fehler beim Wiederherstellen der Sync-Einstellungen: name 'Config' is not defined
Fehler beim Wiederherstellen der Sync-Einstellungen: name 'Config' is not defined
Fehler beim Wiederherstellen der Sync-Einstellungen: name 'Config' is not defined
Fehler beim Wiederherstellen der Sync-Einstellungen: name 'Config' is not defined
Fehler beim Wiederherstellen der Sync-Einstellungen: name 'Config' is not defined
Fehler beim Wiederherstellen der Sync-Einstellungen: name 'Config' is not defined
Fehler beim Wiederherstellen der Sync-Einstellungen: name 'Config' is not defined
Fehler beim Wiederherstellen der Sync-Einstellungen: name 'Config' is not defined
Fehler beim Wiederherstellen der Sync-Einstellungen: name 'Config' is not defined
Fehler beim Wiederherstellen der Sync-Einstellungen: name 'Config' is not defined
Fehler beim Wiederherstellen der Sync-Einstellungen: name 'Config' is not defined
Fehler beim Wiederherstellen der Sync-Einstellungen: name 'Config' is not defined
Fehler beim Wiederherstellen der Sync-Einstellungen: name 'Config' is not defined
Fehler beim Wiederherstellen der Sync-Einstellungen: name 'Config' is not defined
Fehler beim Wiederherstellen der Sync-Einstellungen: name 'Config' is not defined
Fehler beim Wiederherstellen der Sync-Einstellungen: name 'Config' is not defined
Fehler beim Wiederherstellen der Sync-Einstellungen: name 'Config' is not defined
Fehler beim Wiederherstellen der Sync-Einstellungen: name 'Config' is not defined
Fehler beim Wiederherstellen der Sync-Einstellungen: name 'Config' is not defined
Fehler beim Wiederherstellen der Sync-Einstellungen: name 'Config' is not defined
Fehler beim Wiederherstellen der Sync-Einstellungen: name 'Config' is not defined
Fehler beim Wiederherstellen der Sync-Einstellungen: name 'Config' is not defined
Fehler beim Wiederherstellen der Sync-Einstellungen: name 'Config' is not defined
Fehler beim Wiederherstellen der Sync-Einstellungen: name 'Config' is not defined
Unbehandelter Fehler: 'current_user' is undefined
